<?xml version="1.0" encoding="UTF-8"?>
<testsuite name="NumbersTest" tests="1" skipped="0" failures="0" errors="0" timestamp="2023-06-19T02:27:00" hostname="0134" time="0.183">
  <properties/>
  <testcase name="start" classname="NumbersTest" time="0.183"/>
  <system-out><![CDATA[?[1;31m
Start test 1?[0m
Enter a natural number:
> 0
This is number is not natural
?[1;31m
Start test 2?[0m
Enter a natural number:
> 1
Properties of 1
	even: false
	odd: true
	buzz: false
	duck: false
?[1;31m
Start test 3?[0m
Enter a natural number:
> 2
Properties of 2
	even: true
	odd: false
	buzz: false
	duck: false
?[1;31m
Start test 4?[0m
Enter a natural number:
> 3
Properties of 3
	even: false
	odd: true
	buzz: false
	duck: false
?[1;31m
Start test 5?[0m
Enter a natural number:
> 4
Properties of 4
	even: true
	odd: false
	buzz: false
	duck: false
?[1;31m
Start test 6?[0m
Enter a natural number:
> 5
Properties of 5
	even: false
	odd: true
	buzz: false
	duck: false
?[1;31m
Start test 7?[0m
Enter a natural number:
> 6
Properties of 6
	even: true
	odd: false
	buzz: false
	duck: false
?[1;31m
Start test 8?[0m
Enter a natural number:
> 7
Properties of 7
	even: false
	odd: true
	buzz: true
	duck: false
?[1;31m
Start test 9?[0m
Enter a natural number:
> 8
Properties of 8
	even: true
	odd: false
	buzz: false
	duck: false
?[1;31m
Start test 10?[0m
Enter a natural number:
> 9
Properties of 9
	even: false
	odd: true
	buzz: false
	duck: false
?[1;31m
Start test 11?[0m
Enter a natural number:
> 10
Properties of 10
	even: true
	odd: false
	buzz: false
	duck: true
?[1;31m
Start test 12?[0m
Enter a natural number:
> 11
Properties of 11
	even: false
	odd: true
	buzz: false
	duck: false
?[1;31m
Start test 13?[0m
Enter a natural number:
> 12
Properties of 12
	even: true
	odd: false
	buzz: false
	duck: false
?[1;31m
Start test 14?[0m
Enter a natural number:
> 13
Properties of 13
	even: false
	odd: true
	buzz: false
	duck: false
?[1;31m
Start test 15?[0m
Enter a natural number:
> 14
Properties of 14
	even: true
	odd: false
	buzz: true
	duck: false
?[1;31m
Start test 16?[0m
Enter a natural number:
> 29796
Properties of 29796
	even: true
	odd: false
	buzz: false
	duck: false
?[1;31m
Start test 17?[0m
Enter a natural number:
> 32437
Properties of 32437
	even: false
	odd: true
	buzz: true
	duck: false
?[1;31m
Start test 18?[0m
Enter a natural number:
> 12990
Properties of 12990
	even: true
	odd: false
	buzz: false
	duck: true
?[1;31m
Start test 19?[0m
Enter a natural number:
> 8375
Properties of 8375
	even: false
	odd: true
	buzz: false
	duck: false
?[1;31m
Start test 20?[0m
Enter a natural number:
> 19812
Properties of 19812
	even: true
	odd: false
	buzz: false
	duck: false
?[1;31m
Start test 21?[0m
Enter a natural number:
> 28321
Properties of 28321
	even: false
	odd: true
	buzz: false
	duck: false
?[1;31m
Start test 22?[0m
Enter a natural number:
> 23940
Properties of 23940
	even: true
	odd: false
	buzz: true
	duck: true
?[1;31m
Start test 23?[0m
Enter a natural number:
> 30257
Properties of 30257
	even: false
	odd: true
	buzz: true
	duck: true
?[1;31m
Start test 24?[0m
Enter a natural number:
> 2860
Properties of 2860
	even: true
	odd: false
	buzz: false
	duck: true
?[1;31m
Start test 25?[0m
Enter a natural number:
> 21754
Properties of 21754
	even: true
	odd: false
	buzz: false
	duck: false
?[1;31m
Start test 26?[0m
Enter a natural number:
> 29636
Properties of 29636
	even: true
	odd: false
	buzz: false
	duck: false
?[1;31m
Start test 27?[0m
Enter a natural number:
> 17412
Properties of 17412
	even: true
	odd: false
	buzz: false
	duck: false
?[1;31m
Start test 28?[0m
Enter a natural number:
> 10298
Properties of 10298
	even: true
	odd: false
	buzz: false
	duck: true
?[1;31m
Start test 29?[0m
Enter a natural number:
> 5280
Properties of 5280
	even: true
	odd: false
	buzz: false
	duck: true
?[1;31m
Start test 30?[0m
Enter a natural number:
> 10789
Properties of 10789
	even: false
	odd: true
	buzz: false
	duck: true
?[1;31m
Start test 31?[0m
Enter a natural number:
> 7144
Properties of 7144
	even: true
	odd: false
	buzz: false
	duck: false
?[1;31m
Start test 32?[0m
Enter a natural number:
> 10285
Properties of 10285
	even: false
	odd: true
	buzz: false
	duck: true
?[1;31m
Start test 33?[0m
Enter a natural number:
> 5218
Properties of 5218
	even: true
	odd: false
	buzz: false
	duck: false
?[1;31m
Start test 34?[0m
Enter a natural number:
> 19546
Properties of 19546
	even: true
	odd: false
	buzz: false
	duck: false
?[1;31m
Start test 35?[0m
Enter a natural number:
> 23590
Properties of 23590
	even: true
	odd: false
	buzz: true
	duck: true
]]></system-out>
  <system-err><![CDATA[]]></system-err>
</testsuite>
