<?xml version="1.0" encoding="UTF-8"?>
<testsuite name="NumbersTest" tests="1" skipped="0" failures="0" errors="0" timestamp="2023-06-16T04:22:25" hostname="0134" time="0.158">
  <properties/>
  <testcase name="start" classname="NumbersTest" time="0.158"/>
  <system-out><![CDATA[?[1;31m
Start test 1?[0m
Enter a natural number:
> 0
This is number is not natural
?[1;31m
Start test 2?[0m
Enter a natural number:
> 1
Properties of 1
	even: false
	odd: true
	buzz: false
	duck: false
?[1;31m
Start test 3?[0m
Enter a natural number:
> 2
Properties of 2
	even: true
	odd: false
	buzz: false
	duck: false
?[1;31m
Start test 4?[0m
Enter a natural number:
> 3
Properties of 3
	even: false
	odd: true
	buzz: false
	duck: false
?[1;31m
Start test 5?[0m
Enter a natural number:
> 4
Properties of 4
	even: true
	odd: false
	buzz: false
	duck: false
?[1;31m
Start test 6?[0m
Enter a natural number:
> 5
Properties of 5
	even: false
	odd: true
	buzz: false
	duck: false
?[1;31m
Start test 7?[0m
Enter a natural number:
> 6
Properties of 6
	even: true
	odd: false
	buzz: false
	duck: false
?[1;31m
Start test 8?[0m
Enter a natural number:
> 7
Properties of 7
	even: false
	odd: true
	buzz: true
	duck: false
?[1;31m
Start test 9?[0m
Enter a natural number:
> 8
Properties of 8
	even: true
	odd: false
	buzz: false
	duck: false
?[1;31m
Start test 10?[0m
Enter a natural number:
> 9
Properties of 9
	even: false
	odd: true
	buzz: false
	duck: false
?[1;31m
Start test 11?[0m
Enter a natural number:
> 10
Properties of 10
	even: true
	odd: false
	buzz: false
	duck: true
?[1;31m
Start test 12?[0m
Enter a natural number:
> 11
Properties of 11
	even: false
	odd: true
	buzz: false
	duck: false
?[1;31m
Start test 13?[0m
Enter a natural number:
> 12
Properties of 12
	even: true
	odd: false
	buzz: false
	duck: false
?[1;31m
Start test 14?[0m
Enter a natural number:
> 13
Properties of 13
	even: false
	odd: true
	buzz: false
	duck: false
?[1;31m
Start test 15?[0m
Enter a natural number:
> 14
Properties of 14
	even: true
	odd: false
	buzz: true
	duck: false
?[1;31m
Start test 16?[0m
Enter a natural number:
> 1908
Properties of 1908
	even: true
	odd: false
	buzz: false
	duck: true
?[1;31m
Start test 17?[0m
Enter a natural number:
> 3980
Properties of 3980
	even: true
	odd: false
	buzz: false
	duck: true
?[1;31m
Start test 18?[0m
Enter a natural number:
> 8523
Properties of 8523
	even: false
	odd: true
	buzz: false
	duck: false
?[1;31m
Start test 19?[0m
Enter a natural number:
> 22192
Properties of 22192
	even: true
	odd: false
	buzz: false
	duck: false
?[1;31m
Start test 20?[0m
Enter a natural number:
> 10988
Properties of 10988
	even: true
	odd: false
	buzz: false
	duck: true
?[1;31m
Start test 21?[0m
Enter a natural number:
> 4495
Properties of 4495
	even: false
	odd: true
	buzz: false
	duck: false
?[1;31m
Start test 22?[0m
Enter a natural number:
> 2423
Properties of 2423
	even: false
	odd: true
	buzz: false
	duck: false
?[1;31m
Start test 23?[0m
Enter a natural number:
> 31457
Properties of 31457
	even: false
	odd: true
	buzz: true
	duck: false
?[1;31m
Start test 24?[0m
Enter a natural number:
> 13527
Properties of 13527
	even: false
	odd: true
	buzz: true
	duck: false
?[1;31m
Start test 25?[0m
Enter a natural number:
> 7764
Properties of 7764
	even: true
	odd: false
	buzz: false
	duck: false
?[1;31m
Start test 26?[0m
Enter a natural number:
> 13018
Properties of 13018
	even: true
	odd: false
	buzz: false
	duck: true
?[1;31m
Start test 27?[0m
Enter a natural number:
> 13604
Properties of 13604
	even: true
	odd: false
	buzz: false
	duck: true
?[1;31m
Start test 28?[0m
Enter a natural number:
> 16776
Properties of 16776
	even: true
	odd: false
	buzz: false
	duck: false
?[1;31m
Start test 29?[0m
Enter a natural number:
> 4196
Properties of 4196
	even: true
	odd: false
	buzz: false
	duck: false
?[1;31m
Start test 30?[0m
Enter a natural number:
> 25924
Properties of 25924
	even: true
	odd: false
	buzz: false
	duck: false
?[1;31m
Start test 31?[0m
Enter a natural number:
> 712
Properties of 712
	even: true
	odd: false
	buzz: false
	duck: false
?[1;31m
Start test 32?[0m
Enter a natural number:
> 9947
Properties of 9947
	even: false
	odd: true
	buzz: true
	duck: false
?[1;31m
Start test 33?[0m
Enter a natural number:
> 17453
Properties of 17453
	even: false
	odd: true
	buzz: false
	duck: false
?[1;31m
Start test 34?[0m
Enter a natural number:
> 30900
Properties of 30900
	even: true
	odd: false
	buzz: false
	duck: true
?[1;31m
Start test 35?[0m
Enter a natural number:
> 14537
Properties of 14537
	even: false
	odd: true
	buzz: true
	duck: false
]]></system-out>
  <system-err><![CDATA[]]></system-err>
</testsuite>
