<?xml version="1.0" encoding="UTF-8"?>
<testsuite name="NumbersTest" tests="1" skipped="0" failures="0" errors="0" timestamp="2023-06-19T01:16:40" hostname="0134" time="0.199">
  <properties/>
  <testcase name="start" classname="NumbersTest" time="0.199"/>
  <system-out><![CDATA[?[1;31m
Start test 1?[0m
Enter a natural number:
> 0
This number is not natural!
?[1;31m
Start test 2?[0m
Enter a natural number:
> -1
This number is not natural!
?[1;31m
Start test 3?[0m
Enter a natural number:
> -2
This number is not natural!
?[1;31m
Start test 4?[0m
Enter a natural number:
> -3
This number is not natural!
?[1;31m
Start test 5?[0m
Enter a natural number:
> -4
This number is not natural!
?[1;31m
Start test 6?[0m
Enter a natural number:
> -5
This number is not natural!
?[1;31m
Start test 7?[0m
Enter a natural number:
> 1
This number is Odd.
It is not a Buzz number.
Explanation:
1 is neither divisible by 7 nor does it end with 7.
?[1;31m
Start test 8?[0m
Enter a natural number:
> 2
This number is Even.
It is not a Buzz number.
Explanation:
2 is neither divisible by 7 nor does it end with 7.
?[1;31m
Start test 9?[0m
Enter a natural number:
> 3
This number is Odd.
It is not a Buzz number.
Explanation:
3 is neither divisible by 7 nor does it end with 7.
?[1;31m
Start test 10?[0m
Enter a natural number:
> 4
This number is Even.
It is not a Buzz number.
Explanation:
4 is neither divisible by 7 nor does it end with 7.
?[1;31m
Start test 11?[0m
Enter a natural number:
> 5
This number is Odd.
It is not a Buzz number.
Explanation:
5 is neither divisible by 7 nor does it end with 7.
?[1;31m
Start test 12?[0m
Enter a natural number:
> 6
This number is Even.
It is not a Buzz number.
Explanation:
6 is neither divisible by 7 nor does it end with 7.
?[1;31m
Start test 13?[0m
Enter a natural number:
> 7
This number is Odd.
It is a Buzz number.
Explanation:
7 is divisible by 7 and ends with 7.
?[1;31m
Start test 14?[0m
Enter a natural number:
> 8
This number is Even.
It is not a Buzz number.
Explanation:
8 is neither divisible by 7 nor does it end with 7.
?[1;31m
Start test 15?[0m
Enter a natural number:
> 9
This number is Odd.
It is not a Buzz number.
Explanation:
9 is neither divisible by 7 nor does it end with 7.
?[1;31m
Start test 16?[0m
Enter a natural number:
> 10
This number is Even.
It is not a Buzz number.
Explanation:
10 is neither divisible by 7 nor does it end with 7.
?[1;31m
Start test 17?[0m
Enter a natural number:
> 11
This number is Odd.
It is not a Buzz number.
Explanation:
11 is neither divisible by 7 nor does it end with 7.
?[1;31m
Start test 18?[0m
Enter a natural number:
> 12
This number is Even.
It is not a Buzz number.
Explanation:
12 is neither divisible by 7 nor does it end with 7.
?[1;31m
Start test 19?[0m
Enter a natural number:
> 13
This number is Odd.
It is not a Buzz number.
Explanation:
13 is neither divisible by 7 nor does it end with 7.
?[1;31m
Start test 20?[0m
Enter a natural number:
> 14
This number is Even.
It is a Buzz number.
Explanation:
14 is divisible by 7.
?[1;31m
Start test 21?[0m
Enter a natural number:
> 28325
This number is Odd.
It is not a Buzz number.
Explanation:
28325 is neither divisible by 7 nor does it end with 7.
?[1;31m
Start test 22?[0m
Enter a natural number:
> 23514
This number is Even.
It is not a Buzz number.
Explanation:
23514 is neither divisible by 7 nor does it end with 7.
?[1;31m
Start test 23?[0m
Enter a natural number:
> 27119
This number is Odd.
It is not a Buzz number.
Explanation:
27119 is neither divisible by 7 nor does it end with 7.
?[1;31m
Start test 24?[0m
Enter a natural number:
> 27900
This number is Even.
It is not a Buzz number.
Explanation:
27900 is neither divisible by 7 nor does it end with 7.
?[1;31m
Start test 25?[0m
Enter a natural number:
> 16856
This number is Even.
It is a Buzz number.
Explanation:
16856 is divisible by 7.
?[1;31m
Start test 26?[0m
Enter a natural number:
> 4358
This number is Even.
It is not a Buzz number.
Explanation:
4358 is neither divisible by 7 nor does it end with 7.
?[1;31m
Start test 27?[0m
Enter a natural number:
> 15594
This number is Even.
It is not a Buzz number.
Explanation:
15594 is neither divisible by 7 nor does it end with 7.
?[1;31m
Start test 28?[0m
Enter a natural number:
> 15577
This number is Odd.
It is a Buzz number.
Explanation:
15577 ends with 7.
?[1;31m
Start test 29?[0m
Enter a natural number:
> 6327
This number is Odd.
It is a Buzz number.
Explanation:
6327 ends with 7.
?[1;31m
Start test 30?[0m
Enter a natural number:
> 26750
This number is Even.
It is not a Buzz number.
Explanation:
26750 is neither divisible by 7 nor does it end with 7.
?[1;31m
Start test 31?[0m
Enter a natural number:
> 17026
This number is Even.
It is not a Buzz number.
Explanation:
17026 is neither divisible by 7 nor does it end with 7.
?[1;31m
Start test 32?[0m
Enter a natural number:
> 18253
This number is Odd.
It is not a Buzz number.
Explanation:
18253 is neither divisible by 7 nor does it end with 7.
?[1;31m
Start test 33?[0m
Enter a natural number:
> 18937
This number is Odd.
It is a Buzz number.
Explanation:
18937 ends with 7.
?[1;31m
Start test 34?[0m
Enter a natural number:
> 1039
This number is Odd.
It is not a Buzz number.
Explanation:
1039 is neither divisible by 7 nor does it end with 7.
?[1;31m
Start test 35?[0m
Enter a natural number:
> 30408
This number is Even.
It is a Buzz number.
Explanation:
30408 is divisible by 7.
?[1;31m
Start test 36?[0m
Enter a natural number:
> 28738
This number is Even.
It is not a Buzz number.
Explanation:
28738 is neither divisible by 7 nor does it end with 7.
?[1;31m
Start test 37?[0m
Enter a natural number:
> 13527
This number is Odd.
It is a Buzz number.
Explanation:
13527 ends with 7.
?[1;31m
Start test 38?[0m
Enter a natural number:
> 18052
This number is Even.
It is not a Buzz number.
Explanation:
18052 is neither divisible by 7 nor does it end with 7.
?[1;31m
Start test 39?[0m
Enter a natural number:
> 2206
This number is Even.
It is not a Buzz number.
Explanation:
2206 is neither divisible by 7 nor does it end with 7.
?[1;31m
Start test 40?[0m
Enter a natural number:
> 26079
This number is Odd.
It is not a Buzz number.
Explanation:
26079 is neither divisible by 7 nor does it end with 7.
]]></system-out>
  <system-err><![CDATA[]]></system-err>
</testsuite>
