<?xml version="1.0" encoding="UTF-8"?>
<testsuite name="NumbersTest" tests="1" skipped="0" failures="0" errors="0" timestamp="2023-06-23T02:30:34" hostname="0134" time="7.099">
  <properties/>
  <testcase name="start" classname="NumbersTest" time="7.099"/>
  <system-out><![CDATA[?[1;31m
Start test 1?[0m
Welcome to Amazing Numbers!

Supported requests:
- enter a natural number to know its properties;
- enter two natural numbers to obtain the properties of the list:
  * the first parameter represents a starting number;
  * the second parameter shows how many consecutive numbers are to be processed;
- two natural numbers and properties to search for;
- a property preceded by minus must not be present in numbers;
- separate the parameters with one space;
- enter 0 to exit.

Enter a request:
> 0

Goodbye!
?[1;31m
Start test 2?[0m
Welcome to Amazing Numbers!

Supported requests:
- enter a natural number to know its properties;
- enter two natural numbers to obtain the properties of the list:
  * the first parameter represents a starting number;
  * the second parameter shows how many consecutive numbers are to be processed;
- two natural numbers and properties to search for;
- a property preceded by minus must not be present in numbers;
- separate the parameters with one space;
- enter 0 to exit.

Enter a request:
> -110
The first parameter should be a natural number or zero.

Enter a request:
> 0

Goodbye!
?[1;31m
Start test 3?[0m
Welcome to Amazing Numbers!

Supported requests:
- enter a natural number to know its properties;
- enter two natural numbers to obtain the properties of the list:
  * the first parameter represents a starting number;
  * the second parameter shows how many consecutive numbers are to be processed;
- two natural numbers and properties to search for;
- a property preceded by minus must not be present in numbers;
- separate the parameters with one space;
- enter 0 to exit.

Enter a request:
> -9
The first parameter should be a natural number or zero.

Enter a request:
> 0

Goodbye!
?[1;31m
Start test 4?[0m
Welcome to Amazing Numbers!

Supported requests:
- enter a natural number to know its properties;
- enter two natural numbers to obtain the properties of the list:
  * the first parameter represents a starting number;
  * the second parameter shows how many consecutive numbers are to be processed;
- two natural numbers and properties to search for;
- a property preceded by minus must not be present in numbers;
- separate the parameters with one space;
- enter 0 to exit.

Enter a request:
> -85
The first parameter should be a natural number or zero.

Enter a request:
> 0

Goodbye!
?[1;31m
Start test 5?[0m
Welcome to Amazing Numbers!

Supported requests:
- enter a natural number to know its properties;
- enter two natural numbers to obtain the properties of the list:
  * the first parameter represents a starting number;
  * the second parameter shows how many consecutive numbers are to be processed;
- two natural numbers and properties to search for;
- a property preceded by minus must not be present in numbers;
- separate the parameters with one space;
- enter 0 to exit.

Enter a request:
> -86
The first parameter should be a natural number or zero.

Enter a request:
> 0

Goodbye!
?[1;31m
Start test 6?[0m
Welcome to Amazing Numbers!

Supported requests:
- enter a natural number to know its properties;
- enter two natural numbers to obtain the properties of the list:
  * the first parameter represents a starting number;
  * the second parameter shows how many consecutive numbers are to be processed;
- two natural numbers and properties to search for;
- a property preceded by minus must not be present in numbers;
- separate the parameters with one space;
- enter 0 to exit.

Enter a request:
> -63
The first parameter should be a natural number or zero.

Enter a request:
> 0

Goodbye!
?[1;31m
Start test 7?[0m
Welcome to Amazing Numbers!

Supported requests:
- enter a natural number to know its properties;
- enter two natural numbers to obtain the properties of the list:
  * the first parameter represents a starting number;
  * the second parameter shows how many consecutive numbers are to be processed;
- two natural numbers and properties to search for;
- a property preceded by minus must not be present in numbers;
- separate the parameters with one space;
- enter 0 to exit.

Enter a request:
> 22660 -14857
The second parameter should be a natural number

Enter a request:
> 0

Goodbye!
?[1;31m
Start test 8?[0m
Welcome to Amazing Numbers!

Supported requests:
- enter a natural number to know its properties;
- enter two natural numbers to obtain the properties of the list:
  * the first parameter represents a starting number;
  * the second parameter shows how many consecutive numbers are to be processed;
- two natural numbers and properties to search for;
- a property preceded by minus must not be present in numbers;
- separate the parameters with one space;
- enter 0 to exit.

Enter a request:
> 16704 -2103
The second parameter should be a natural number

Enter a request:
> 0

Goodbye!
?[1;31m
Start test 9?[0m
Welcome to Amazing Numbers!

Supported requests:
- enter a natural number to know its properties;
- enter two natural numbers to obtain the properties of the list:
  * the first parameter represents a starting number;
  * the second parameter shows how many consecutive numbers are to be processed;
- two natural numbers and properties to search for;
- a property preceded by minus must not be present in numbers;
- separate the parameters with one space;
- enter 0 to exit.

Enter a request:
> 17714 -29755
The second parameter should be a natural number

Enter a request:
> 0

Goodbye!
?[1;31m
Start test 10?[0m
Welcome to Amazing Numbers!

Supported requests:
- enter a natural number to know its properties;
- enter two natural numbers to obtain the properties of the list:
  * the first parameter represents a starting number;
  * the second parameter shows how many consecutive numbers are to be processed;
- two natural numbers and properties to search for;
- a property preceded by minus must not be present in numbers;
- separate the parameters with one space;
- enter 0 to exit.

Enter a request:
> 24343 -368
The second parameter should be a natural number

Enter a request:
> 0

Goodbye!
?[1;31m
Start test 11?[0m
Welcome to Amazing Numbers!

Supported requests:
- enter a natural number to know its properties;
- enter two natural numbers to obtain the properties of the list:
  * the first parameter represents a starting number;
  * the second parameter shows how many consecutive numbers are to be processed;
- two natural numbers and properties to search for;
- a property preceded by minus must not be present in numbers;
- separate the parameters with one space;
- enter 0 to exit.

Enter a request:
> 580 -9937
The second parameter should be a natural number

Enter a request:
> 0

Goodbye!
?[1;31m
Start test 12?[0m
Welcome to Amazing Numbers!

Supported requests:
- enter a natural number to know its properties;
- enter two natural numbers to obtain the properties of the list:
  * the first parameter represents a starting number;
  * the second parameter shows how many consecutive numbers are to be processed;
- two natural numbers and properties to search for;
- a property preceded by minus must not be present in numbers;
- separate the parameters with one space;
- enter 0 to exit.

Enter a request:
> 12281 -959
The second parameter should be a natural number

Enter a request:
> 0

Goodbye!
?[1;31m
Start test 13?[0m
Welcome to Amazing Numbers!

Supported requests:
- enter a natural number to know its properties;
- enter two natural numbers to obtain the properties of the list:
  * the first parameter represents a starting number;
  * the second parameter shows how many consecutive numbers are to be processed;
- two natural numbers and properties to search for;
- a property preceded by minus must not be present in numbers;
- separate the parameters with one space;
- enter 0 to exit.

Enter a request:
> 13529 -32654
The second parameter should be a natural number

Enter a request:
> 0

Goodbye!
?[1;31m
Start test 14?[0m
Welcome to Amazing Numbers!

Supported requests:
- enter a natural number to know its properties;
- enter two natural numbers to obtain the properties of the list:
  * the first parameter represents a starting number;
  * the second parameter shows how many consecutive numbers are to be processed;
- two natural numbers and properties to search for;
- a property preceded by minus must not be present in numbers;
- separate the parameters with one space;
- enter 0 to exit.

Enter a request:
> 30614 -446
The second parameter should be a natural number

Enter a request:
> 0

Goodbye!
?[1;31m
Start test 15?[0m
Welcome to Amazing Numbers!

Supported requests:
- enter a natural number to know its properties;
- enter two natural numbers to obtain the properties of the list:
  * the first parameter represents a starting number;
  * the second parameter shows how many consecutive numbers are to be processed;
- two natural numbers and properties to search for;
- a property preceded by minus must not be present in numbers;
- separate the parameters with one space;
- enter 0 to exit.

Enter a request:
> 18445 -7284
The second parameter should be a natural number

Enter a request:
> 0

Goodbye!
?[1;31m
Start test 16?[0m
Welcome to Amazing Numbers!

Supported requests:
- enter a natural number to know its properties;
- enter two natural numbers to obtain the properties of the list:
  * the first parameter represents a starting number;
  * the second parameter shows how many consecutive numbers are to be processed;
- two natural numbers and properties to search for;
- a property preceded by minus must not be present in numbers;
- separate the parameters with one space;
- enter 0 to exit.

Enter a request:
> 7931 -24234
The second parameter should be a natural number

Enter a request:
> 0

Goodbye!
?[1;31m
Start test 17?[0m
Welcome to Amazing Numbers!

Supported requests:
- enter a natural number to know its properties;
- enter two natural numbers to obtain the properties of the list:
  * the first parameter represents a starting number;
  * the second parameter shows how many consecutive numbers are to be processed;
- two natural numbers and properties to search for;
- a property preceded by minus must not be present in numbers;
- separate the parameters with one space;
- enter 0 to exit.

Enter a request:
> 1
Properties of 1
	   even: false
		odd: true
	   buzz: false
	   duck: false
palindromic: true
	 gapful: false
		spy: true
	 square: true
	  sunny: false
	jumping: true
	  happy: true
		sad: false

Enter a request:
> 2
Properties of 2
	   even: true
		odd: false
	   buzz: false
	   duck: false
palindromic: true
	 gapful: false
		spy: true
	 square: false
	  sunny: false
	jumping: true
	  happy: false
		sad: true

Enter a request:
> 3
Properties of 3
	   even: false
		odd: true
	   buzz: false
	   duck: false
palindromic: true
	 gapful: false
		spy: true
	 square: false
	  sunny: true
	jumping: true
	  happy: false
		sad: true

Enter a request:
> 4
Properties of 4
	   even: true
		odd: false
	   buzz: false
	   duck: false
palindromic: true
	 gapful: false
		spy: true
	 square: true
	  sunny: false
	jumping: true
	  happy: false
		sad: true

Enter a request:
> 5
Properties of 5
	   even: false
		odd: true
	   buzz: false
	   duck: false
palindromic: true
	 gapful: false
		spy: true
	 square: false
	  sunny: false
	jumping: true
	  happy: false
		sad: true

Enter a request:
> 6
Properties of 6
	   even: true
		odd: false
	   buzz: false
	   duck: false
palindromic: true
	 gapful: false
		spy: true
	 square: false
	  sunny: false
	jumping: true
	  happy: false
		sad: true

Enter a request:
> 7
Properties of 7
	   even: false
		odd: true
	   buzz: true
	   duck: false
palindromic: true
	 gapful: false
		spy: true
	 square: false
	  sunny: false
	jumping: true
	  happy: true
		sad: false

Enter a request:
> 8
Properties of 8
	   even: true
		odd: false
	   buzz: false
	   duck: false
palindromic: true
	 gapful: false
		spy: true
	 square: false
	  sunny: true
	jumping: true
	  happy: false
		sad: true

Enter a request:
> 9
Properties of 9
	   even: false
		odd: true
	   buzz: false
	   duck: false
palindromic: true
	 gapful: false
		spy: true
	 square: true
	  sunny: false
	jumping: true
	  happy: false
		sad: true

Enter a request:
> 10
Properties of 10
	   even: true
		odd: false
	   buzz: false
	   duck: true
palindromic: false
	 gapful: false
		spy: false
	 square: false
	  sunny: false
	jumping: true
	  happy: true
		sad: false

Enter a request:
> 11
Properties of 11
	   even: false
		odd: true
	   buzz: false
	   duck: false
palindromic: true
	 gapful: false
		spy: false
	 square: false
	  sunny: false
	jumping: false
	  happy: false
		sad: true

Enter a request:
> 12
Properties of 12
	   even: true
		odd: false
	   buzz: false
	   duck: false
palindromic: false
	 gapful: false
		spy: false
	 square: false
	  sunny: false
	jumping: true
	  happy: false
		sad: true

Enter a request:
> 13
Properties of 13
	   even: false
		odd: true
	   buzz: false
	   duck: false
palindromic: false
	 gapful: false
		spy: false
	 square: false
	  sunny: false
	jumping: false
	  happy: true
		sad: false

Enter a request:
> 14
Properties of 14
	   even: true
		odd: false
	   buzz: true
	   duck: false
palindromic: false
	 gapful: false
		spy: false
	 square: false
	  sunny: false
	jumping: false
	  happy: false
		sad: true

Enter a request:
> 7504558799086134269
Properties of 7,504,558,799,086,134,269
	   even: false
		odd: true
	   buzz: false
	   duck: true
palindromic: false
	 gapful: false
		spy: false
	 square: false
	  sunny: false
	jumping: false
	  happy: false
		sad: true

Enter a request:
> 7240521162852937058
Properties of 7,240,521,162,852,937,058
	   even: true
		odd: false
	   buzz: false
	   duck: true
palindromic: false
	 gapful: false
		spy: false
	 square: false
	  sunny: false
	jumping: false
	  happy: false
		sad: true

Enter a request:
> 3712400612766977903
Properties of 3,712,400,612,766,977,903
	   even: false
		odd: true
	   buzz: false
	   duck: true
palindromic: false
	 gapful: false
		spy: false
	 square: false
	  sunny: false
	jumping: false
	  happy: false
		sad: true

Enter a request:
> 1168897788443153848
Properties of 1,168,897,788,443,153,848
	   even: true
		odd: false
	   buzz: false
	   duck: false
palindromic: false
	 gapful: false
		spy: false
	 square: false
	  sunny: false
	jumping: false
	  happy: false
		sad: true

Enter a request:
> 7475008464220967415
Properties of 7,475,008,464,220,967,415
	   even: false
		odd: true
	   buzz: false
	   duck: true
palindromic: false
	 gapful: false
		spy: false
	 square: false
	  sunny: false
	jumping: false
	  happy: true
		sad: false

Enter a request:
> 6557637059276359836
Properties of 6,557,637,059,276,359,836
	   even: true
		odd: false
	   buzz: false
	   duck: true
palindromic: false
	 gapful: false
		spy: false
	 square: false
	  sunny: false
	jumping: false
	  happy: false
		sad: true

Enter a request:
> 8225536003925299376
Properties of 8,225,536,003,925,299,376
	   even: true
		odd: false
	   buzz: false
	   duck: true
palindromic: false
	 gapful: false
		spy: false
	 square: false
	  sunny: false
	jumping: false
	  happy: false
		sad: true

Enter a request:
> 4427208782895921165
Properties of 4,427,208,782,895,921,165
	   even: false
		odd: true
	   buzz: false
	   duck: true
palindromic: false
	 gapful: true
		spy: false
	 square: false
	  sunny: false
	jumping: false
	  happy: false
		sad: true

Enter a request:
> 2509265475331860465
Properties of 2,509,265,475,331,860,465
	   even: false
		odd: true
	   buzz: false
	   duck: true
palindromic: false
	 gapful: false
		spy: false
	 square: false
	  sunny: false
	jumping: false
	  happy: false
		sad: true

Enter a request:
> 4944601784066111018
Properties of 4,944,601,784,066,111,018
	   even: true
		odd: false
	   buzz: false
	   duck: true
palindromic: false
	 gapful: false
		spy: false
	 square: false
	  sunny: false
	jumping: false
	  happy: false
		sad: true

Enter a request:
> 0

Goodbye!
?[1;31m
Start test 18?[0m
Welcome to Amazing Numbers!

Supported requests:
- enter a natural number to know its properties;
- enter two natural numbers to obtain the properties of the list:
  * the first parameter represents a starting number;
  * the second parameter shows how many consecutive numbers are to be processed;
- two natural numbers and properties to search for;
- a property preceded by minus must not be present in numbers;
- separate the parameters with one space;
- enter 0 to exit.

Enter a request:
> 1 15

1 is odd, palindromic, spy, square, jumping, happy
2 is even, palindromic, spy, jumping, sad
3 is odd, palindromic, spy, sunny, jumping, sad
4 is even, palindromic, spy, square, jumping, sad
5 is odd, palindromic, spy, jumping, sad
6 is even, palindromic, spy, jumping, sad
7 is odd, buzz, palindromic, spy, jumping, happy
8 is even, palindromic, spy, sunny, jumping, sad
9 is odd, palindromic, spy, square, jumping, sad
10 is even, duck, jumping, happy
11 is odd, palindromic, sad
12 is even, jumping, sad
13 is odd, happy
14 is even, buzz, sad
15 is odd, sunny, sad

Enter a request:
> 0

Goodbye!
?[1;31m
Start test 19?[0m
Welcome to Amazing Numbers!

Supported requests:
- enter a natural number to know its properties;
- enter two natural numbers to obtain the properties of the list:
  * the first parameter represents a starting number;
  * the second parameter shows how many consecutive numbers are to be processed;
- two natural numbers and properties to search for;
- a property preceded by minus must not be present in numbers;
- separate the parameters with one space;
- enter 0 to exit.

Enter a request:
> 534647752910574840 1

534647752910574840 is even, duck, sad

Enter a request:
> 0

Goodbye!
?[1;31m
Start test 20?[0m
Welcome to Amazing Numbers!

Supported requests:
- enter a natural number to know its properties;
- enter two natural numbers to obtain the properties of the list:
  * the first parameter represents a starting number;
  * the second parameter shows how many consecutive numbers are to be processed;
- two natural numbers and properties to search for;
- a property preceded by minus must not be present in numbers;
- separate the parameters with one space;
- enter 0 to exit.

Enter a request:
> 4274546054816250376 6

4274546054816250376 is even, duck, sad
4274546054816250377 is odd, buzz, duck, happy
4274546054816250378 is even, duck, sad
4274546054816250379 is odd, duck, sad
4274546054816250380 is even, duck, sad
4274546054816250381 is odd, buzz, duck, sad

Enter a request:
> 0

Goodbye!
?[1;31m
Start test 21?[0m
Welcome to Amazing Numbers!

Supported requests:
- enter a natural number to know its properties;
- enter two natural numbers to obtain the properties of the list:
  * the first parameter represents a starting number;
  * the second parameter shows how many consecutive numbers are to be processed;
- two natural numbers and properties to search for;
- a property preceded by minus must not be present in numbers;
- separate the parameters with one space;
- enter 0 to exit.

Enter a request:
> 8336873187839731455 9

8336873187839731455 is odd, sad
8336873187839731456 is even, happy
8336873187839731457 is odd, buzz, sad
8336873187839731458 is even, buzz, sad
8336873187839731459 is odd, sad
8336873187839731460 is even, duck, sad
8336873187839731461 is odd, sad
8336873187839731462 is even, happy
8336873187839731463 is odd, sad

Enter a request:
> 0

Goodbye!
?[1;31m
Start test 22?[0m
Welcome to Amazing Numbers!

Supported requests:
- enter a natural number to know its properties;
- enter two natural numbers to obtain the properties of the list:
  * the first parameter represents a starting number;
  * the second parameter shows how many consecutive numbers are to be processed;
- two natural numbers and properties to search for;
- a property preceded by minus must not be present in numbers;
- separate the parameters with one space;
- enter 0 to exit.

Enter a request:
> 7821041844395447749 6

7821041844395447749 is odd, duck, sad
7821041844395447750 is even, duck, sad
7821041844395447751 is odd, duck, sad
7821041844395447752 is even, buzz, duck, sad
7821041844395447753 is odd, duck, sad
7821041844395447754 is even, duck, sad

Enter a request:
> 0

Goodbye!
?[1;31m
Start test 23?[0m
Welcome to Amazing Numbers!

Supported requests:
- enter a natural number to know its properties;
- enter two natural numbers to obtain the properties of the list:
  * the first parameter represents a starting number;
  * the second parameter shows how many consecutive numbers are to be processed;
- two natural numbers and properties to search for;
- a property preceded by minus must not be present in numbers;
- separate the parameters with one space;
- enter 0 to exit.

Enter a request:
> 1249783485275003236 17

1249783485275003236 is even, duck, sad
1249783485275003237 is odd, buzz, duck, happy
1249783485275003238 is even, buzz, duck, gapful, sad
1249783485275003239 is odd, duck, sad
1249783485275003240 is even, duck, gapful, sad
1249783485275003241 is odd, duck, sad
1249783485275003242 is even, duck, happy
1249783485275003243 is odd, duck, sad
1249783485275003244 is even, duck, sad
1249783485275003245 is odd, buzz, duck, sad
1249783485275003246 is even, duck, sad
1249783485275003247 is odd, buzz, duck, sad
1249783485275003248 is even, duck, sad
1249783485275003249 is odd, duck, sad
1249783485275003250 is even, duck, gapful, sad
1249783485275003251 is odd, duck, happy
1249783485275003252 is even, buzz, duck, sad

Enter a request:
> 0

Goodbye!
?[1;31m
Start test 24?[0m
Welcome to Amazing Numbers!

Supported requests:
- enter a natural number to know its properties;
- enter two natural numbers to obtain the properties of the list:
  * the first parameter represents a starting number;
  * the second parameter shows how many consecutive numbers are to be processed;
- two natural numbers and properties to search for;
- a property preceded by minus must not be present in numbers;
- separate the parameters with one space;
- enter 0 to exit.

Enter a request:
> 8003422540123142559 14

8003422540123142559 is odd, buzz, duck, sad
8003422540123142560 is even, duck, gapful, sad
8003422540123142561 is odd, duck, sad
8003422540123142562 is even, duck, sad
8003422540123142563 is odd, duck, sad
8003422540123142564 is even, duck, sad
8003422540123142565 is odd, duck, sad
8003422540123142566 is even, buzz, duck, sad
8003422540123142567 is odd, buzz, duck, sad
8003422540123142568 is even, duck, sad
8003422540123142569 is odd, duck, sad
8003422540123142570 is even, duck, sad
8003422540123142571 is odd, duck, sad
8003422540123142572 is even, duck, sad

Enter a request:
> 0

Goodbye!
?[1;31m
Start test 25?[0m
Welcome to Amazing Numbers!

Supported requests:
- enter a natural number to know its properties;
- enter two natural numbers to obtain the properties of the list:
  * the first parameter represents a starting number;
  * the second parameter shows how many consecutive numbers are to be processed;
- two natural numbers and properties to search for;
- a property preceded by minus must not be present in numbers;
- separate the parameters with one space;
- enter 0 to exit.

Enter a request:
> 5480320691709179216 19

5480320691709179216 is even, duck, sad
5480320691709179217 is odd, buzz, duck, sad
5480320691709179218 is even, buzz, duck, happy
5480320691709179219 is odd, duck, sad
5480320691709179220 is even, duck, sad
5480320691709179221 is odd, duck, sad
5480320691709179222 is even, duck, sad
5480320691709179223 is odd, duck, sad
5480320691709179224 is even, duck, sad
5480320691709179225 is odd, buzz, duck, sad
5480320691709179226 is even, duck, sad
5480320691709179227 is odd, buzz, duck, sad
5480320691709179228 is even, duck, sad
5480320691709179229 is odd, duck, sad
5480320691709179230 is even, duck, sad
5480320691709179231 is odd, duck, sad
5480320691709179232 is even, buzz, duck, sad
5480320691709179233 is odd, duck, sad
5480320691709179234 is even, duck, sad

Enter a request:
> 0

Goodbye!
?[1;31m
Start test 26?[0m
Welcome to Amazing Numbers!

Supported requests:
- enter a natural number to know its properties;
- enter two natural numbers to obtain the properties of the list:
  * the first parameter represents a starting number;
  * the second parameter shows how many consecutive numbers are to be processed;
- two natural numbers and properties to search for;
- a property preceded by minus must not be present in numbers;
- separate the parameters with one space;
- enter 0 to exit.

Enter a request:
> 561392947545689153 9

561392947545689153 is odd, sad
561392947545689154 is even, buzz, sad
561392947545689155 is odd, sad
561392947545689156 is even, sad
561392947545689157 is odd, buzz, sad
561392947545689158 is even, sad
561392947545689159 is odd, happy
561392947545689160 is even, duck, sad
561392947545689161 is odd, buzz, sad

Enter a request:
> 0

Goodbye!
?[1;31m
Start test 27?[0m
Welcome to Amazing Numbers!

Supported requests:
- enter a natural number to know its properties;
- enter two natural numbers to obtain the properties of the list:
  * the first parameter represents a starting number;
  * the second parameter shows how many consecutive numbers are to be processed;
- two natural numbers and properties to search for;
- a property preceded by minus must not be present in numbers;
- separate the parameters with one space;
- enter 0 to exit.

Enter a request:
> 848704346151064530 4

848704346151064530 is even, duck, happy
848704346151064531 is odd, duck, sad
848704346151064532 is even, duck, sad
848704346151064533 is odd, duck, happy

Enter a request:
> 0

Goodbye!
?[1;31m
Start test 28?[0m
Welcome to Amazing Numbers!

Supported requests:
- enter a natural number to know its properties;
- enter two natural numbers to obtain the properties of the list:
  * the first parameter represents a starting number;
  * the second parameter shows how many consecutive numbers are to be processed;
- two natural numbers and properties to search for;
- a property preceded by minus must not be present in numbers;
- separate the parameters with one space;
- enter 0 to exit.

Enter a request:
> 2155003092653163642 15

2155003092653163642 is even, duck, sad
2155003092653163643 is odd, duck, happy
2155003092653163644 is even, duck, sad
2155003092653163645 is odd, duck, sad
2155003092653163646 is even, duck, sad
2155003092653163647 is odd, buzz, duck, sad
2155003092653163648 is even, buzz, duck, gapful, sad
2155003092653163649 is odd, duck, sad
2155003092653163650 is even, duck, happy
2155003092653163651 is odd, duck, sad
2155003092653163652 is even, duck, sad
2155003092653163653 is odd, duck, sad
2155003092653163654 is even, duck, sad
2155003092653163655 is odd, buzz, duck, sad
2155003092653163656 is even, duck, happy

Enter a request:
> 0

Goodbye!
?[1;31m
Start test 29?[0m
Welcome to Amazing Numbers!

Supported requests:
- enter a natural number to know its properties;
- enter two natural numbers to obtain the properties of the list:
  * the first parameter represents a starting number;
  * the second parameter shows how many consecutive numbers are to be processed;
- two natural numbers and properties to search for;
- a property preceded by minus must not be present in numbers;
- separate the parameters with one space;
- enter 0 to exit.

Enter a request:
> 1 10 May
The property [MAY] is wrong.
Available properties: [EVEN, ODD, BUZZ, DUCK, PALINDROMIC, GAPFUL, SPY, SQUARE, SUNNY, JUMPING, HAPPY, SAD]

Enter a request:
> 0

Goodbye!
?[1;31m
Start test 30?[0m
Welcome to Amazing Numbers!

Supported requests:
- enter a natural number to know its properties;
- enter two natural numbers to obtain the properties of the list:
  * the first parameter represents a starting number;
  * the second parameter shows how many consecutive numbers are to be processed;
- two natural numbers and properties to search for;
- a property preceded by minus must not be present in numbers;
- separate the parameters with one space;
- enter 0 to exit.

Enter a request:
> 40 2 bay
The property [BAY] is wrong.
Available properties: [EVEN, ODD, BUZZ, DUCK, PALINDROMIC, GAPFUL, SPY, SQUARE, SUNNY, JUMPING, HAPPY, SAD]

Enter a request:
> 0

Goodbye!
?[1;31m
Start test 31?[0m
Welcome to Amazing Numbers!

Supported requests:
- enter a natural number to know its properties;
- enter two natural numbers to obtain the properties of the list:
  * the first parameter represents a starting number;
  * the second parameter shows how many consecutive numbers are to be processed;
- two natural numbers and properties to search for;
- a property preceded by minus must not be present in numbers;
- separate the parameters with one space;
- enter 0 to exit.

Enter a request:
> 37 4 8
The property [8] is wrong.
Available properties: [EVEN, ODD, BUZZ, DUCK, PALINDROMIC, GAPFUL, SPY, SQUARE, SUNNY, JUMPING, HAPPY, SAD]

Enter a request:
> 0

Goodbye!
?[1;31m
Start test 32?[0m
Welcome to Amazing Numbers!

Supported requests:
- enter a natural number to know its properties;
- enter two natural numbers to obtain the properties of the list:
  * the first parameter represents a starting number;
  * the second parameter shows how many consecutive numbers are to be processed;
- two natural numbers and properties to search for;
- a property preceded by minus must not be present in numbers;
- separate the parameters with one space;
- enter 0 to exit.

Enter a request:
> 67 2 day
The property [DAY] is wrong.
Available properties: [EVEN, ODD, BUZZ, DUCK, PALINDROMIC, GAPFUL, SPY, SQUARE, SUNNY, JUMPING, HAPPY, SAD]

Enter a request:
> 0

Goodbye!
?[1;31m
Start test 33?[0m
Welcome to Amazing Numbers!

Supported requests:
- enter a natural number to know its properties;
- enter two natural numbers to obtain the properties of the list:
  * the first parameter represents a starting number;
  * the second parameter shows how many consecutive numbers are to be processed;
- two natural numbers and properties to search for;
- a property preceded by minus must not be present in numbers;
- separate the parameters with one space;
- enter 0 to exit.

Enter a request:
> 2 54 Prime
The property [PRIME] is wrong.
Available properties: [EVEN, ODD, BUZZ, DUCK, PALINDROMIC, GAPFUL, SPY, SQUARE, SUNNY, JUMPING, HAPPY, SAD]

Enter a request:
> 0

Goodbye!
?[1;31m
Start test 34?[0m
Welcome to Amazing Numbers!

Supported requests:
- enter a natural number to know its properties;
- enter two natural numbers to obtain the properties of the list:
  * the first parameter represents a starting number;
  * the second parameter shows how many consecutive numbers are to be processed;
- two natural numbers and properties to search for;
- a property preceded by minus must not be present in numbers;
- separate the parameters with one space;
- enter 0 to exit.

Enter a request:
> 6 8 ...
The property [...] is wrong.
Available properties: [EVEN, ODD, BUZZ, DUCK, PALINDROMIC, GAPFUL, SPY, SQUARE, SUNNY, JUMPING, HAPPY, SAD]

Enter a request:
> 0

Goodbye!
?[1;31m
Start test 35?[0m
Welcome to Amazing Numbers!

Supported requests:
- enter a natural number to know its properties;
- enter two natural numbers to obtain the properties of the list:
  * the first parameter represents a starting number;
  * the second parameter shows how many consecutive numbers are to be processed;
- two natural numbers and properties to search for;
- a property preceded by minus must not be present in numbers;
- separate the parameters with one space;
- enter 0 to exit.

Enter a request:
> 5 9 none
The property [NONE] is wrong.
Available properties: [EVEN, ODD, BUZZ, DUCK, PALINDROMIC, GAPFUL, SPY, SQUARE, SUNNY, JUMPING, HAPPY, SAD]

Enter a request:
> 0

Goodbye!
?[1;31m
Start test 36?[0m
Welcome to Amazing Numbers!

Supported requests:
- enter a natural number to know its properties;
- enter two natural numbers to obtain the properties of the list:
  * the first parameter represents a starting number;
  * the second parameter shows how many consecutive numbers are to be processed;
- two natural numbers and properties to search for;
- a property preceded by minus must not be present in numbers;
- separate the parameters with one space;
- enter 0 to exit.

Enter a request:
> 1 10 EVEN
2 is even, palindromic, spy, jumping, sad
4 is even, palindromic, spy, square, jumping, sad
6 is even, palindromic, spy, jumping, sad
8 is even, palindromic, spy, sunny, jumping, sad
10 is even, duck, jumping, happy
12 is even, jumping, sad
14 is even, buzz, sad
16 is even, square, sad
18 is even, sad
20 is even, duck, sad

Enter a request:
> 1 10 ODD
1 is odd, palindromic, spy, square, jumping, happy
3 is odd, palindromic, spy, sunny, jumping, sad
5 is odd, palindromic, spy, jumping, sad
7 is odd, buzz, palindromic, spy, jumping, happy
9 is odd, palindromic, spy, square, jumping, sad
11 is odd, palindromic, sad
13 is odd, happy
15 is odd, sunny, sad
17 is odd, buzz, sad
19 is odd, happy

Enter a request:
> 1 10 BUZZ
7 is odd, buzz, palindromic, spy, jumping, happy
14 is even, buzz, sad
17 is odd, buzz, sad
21 is odd, buzz, jumping, sad
27 is odd, buzz, sad
28 is even, buzz, happy
35 is odd, buzz, sunny, sad
37 is odd, buzz, sad
42 is even, buzz, sad
47 is odd, buzz, sad

Enter a request:
> 1 10 DUCK
10 is even, duck, jumping, happy
20 is even, duck, sad
30 is even, duck, sad
40 is even, duck, sad
50 is even, duck, sad
60 is even, duck, sad
70 is even, buzz, duck, happy
80 is even, duck, sunny, sad
90 is even, duck, sad
100 is even, duck, gapful, square, happy

Enter a request:
> 1 10 PALINDROMIC
1 is odd, palindromic, spy, square, jumping, happy
2 is even, palindromic, spy, jumping, sad
3 is odd, palindromic, spy, sunny, jumping, sad
4 is even, palindromic, spy, square, jumping, sad
5 is odd, palindromic, spy, jumping, sad
6 is even, palindromic, spy, jumping, sad
7 is odd, buzz, palindromic, spy, jumping, happy
8 is even, palindromic, spy, sunny, jumping, sad
9 is odd, palindromic, spy, square, jumping, sad
11 is odd, palindromic, sad

Enter a request:
> 1 10 GAPFUL
100 is even, duck, gapful, square, happy
105 is odd, buzz, duck, gapful, sad
108 is even, duck, gapful, sad
110 is even, duck, gapful, sad
120 is even, duck, gapful, sunny, sad
121 is odd, palindromic, gapful, square, jumping, sad
130 is even, duck, gapful, happy
132 is even, gapful, spy, sad
135 is odd, gapful, sad
140 is even, buzz, duck, gapful, sad

Enter a request:
> 1 10 SPY
1 is odd, palindromic, spy, square, jumping, happy
2 is even, palindromic, spy, jumping, sad
3 is odd, palindromic, spy, sunny, jumping, sad
4 is even, palindromic, spy, square, jumping, sad
5 is odd, palindromic, spy, jumping, sad
6 is even, palindromic, spy, jumping, sad
7 is odd, buzz, palindromic, spy, jumping, happy
8 is even, palindromic, spy, sunny, jumping, sad
9 is odd, palindromic, spy, square, jumping, sad
22 is even, palindromic, spy, sad

Enter a request:
> 1 10 SQUARE
1 is odd, palindromic, spy, square, jumping, happy
4 is even, palindromic, spy, square, jumping, sad
9 is odd, palindromic, spy, square, jumping, sad
16 is even, square, sad
25 is odd, square, sad
36 is even, square, sad
49 is odd, buzz, square, happy
64 is even, square, sad
81 is odd, square, sad
100 is even, duck, gapful, square, happy

Enter a request:
> 1 10 SUNNY
3 is odd, palindromic, spy, sunny, jumping, sad
8 is even, palindromic, spy, sunny, jumping, sad
15 is odd, sunny, sad
24 is even, sunny, sad
35 is odd, buzz, sunny, sad
48 is even, sunny, sad
63 is odd, buzz, sunny, sad
80 is even, duck, sunny, sad
99 is odd, palindromic, sunny, sad
120 is even, duck, gapful, sunny, sad

Enter a request:
> 1 10 JUMPING
1 is odd, palindromic, spy, square, jumping, happy
2 is even, palindromic, spy, jumping, sad
3 is odd, palindromic, spy, sunny, jumping, sad
4 is even, palindromic, spy, square, jumping, sad
5 is odd, palindromic, spy, jumping, sad
6 is even, palindromic, spy, jumping, sad
7 is odd, buzz, palindromic, spy, jumping, happy
8 is even, palindromic, spy, sunny, jumping, sad
9 is odd, palindromic, spy, square, jumping, sad
10 is even, duck, jumping, happy

Enter a request:
> 1 10 HAPPY
1 is odd, palindromic, spy, square, jumping, happy
7 is odd, buzz, palindromic, spy, jumping, happy
10 is even, duck, jumping, happy
13 is odd, happy
19 is odd, happy
23 is odd, jumping, happy
28 is even, buzz, happy
31 is odd, happy
32 is even, jumping, happy
44 is even, palindromic, happy

Enter a request:
> 1 10 SAD
2 is even, palindromic, spy, jumping, sad
3 is odd, palindromic, spy, sunny, jumping, sad
4 is even, palindromic, spy, square, jumping, sad
5 is odd, palindromic, spy, jumping, sad
6 is even, palindromic, spy, jumping, sad
8 is even, palindromic, spy, sunny, jumping, sad
9 is odd, palindromic, spy, square, jumping, sad
11 is odd, palindromic, sad
12 is even, jumping, sad
14 is even, buzz, sad

Enter a request:
> 0

Goodbye!
?[1;31m
Start test 37?[0m
Welcome to Amazing Numbers!

Supported requests:
- enter a natural number to know its properties;
- enter two natural numbers to obtain the properties of the list:
  * the first parameter represents a starting number;
  * the second parameter shows how many consecutive numbers are to be processed;
- two natural numbers and properties to search for;
- a property preceded by minus must not be present in numbers;
- separate the parameters with one space;
- enter 0 to exit.

Enter a request:
> 6758 11 BUZZ
6762 is even, buzz, sad
6767 is odd, buzz, gapful, jumping, sad
6769 is odd, buzz, sad
6776 is even, buzz, palindromic, sad
6777 is odd, buzz, sad
6783 is odd, buzz, sad
6787 is odd, buzz, jumping, sad
6790 is even, buzz, duck, sad
6797 is odd, buzz, sad
6804 is even, buzz, duck, sad
6807 is odd, buzz, duck, sad

Enter a request:
> 0

Goodbye!
?[1;31m
Start test 38?[0m
Welcome to Amazing Numbers!

Supported requests:
- enter a natural number to know its properties;
- enter two natural numbers to obtain the properties of the list:
  * the first parameter represents a starting number;
  * the second parameter shows how many consecutive numbers are to be processed;
- two natural numbers and properties to search for;
- a property preceded by minus must not be present in numbers;
- separate the parameters with one space;
- enter 0 to exit.

Enter a request:
> 20232 9 BUZZ
20237 is odd, buzz, duck, sad
20244 is even, buzz, duck, sad
20247 is odd, buzz, duck, sad
20251 is odd, buzz, duck, sad
20257 is odd, buzz, duck, happy
20258 is even, buzz, duck, happy
20265 is odd, buzz, duck, sad
20267 is odd, buzz, duck, sad
20272 is even, buzz, duck, sad

Enter a request:
> 0

Goodbye!
?[1;31m
Start test 39?[0m
Welcome to Amazing Numbers!

Supported requests:
- enter a natural number to know its properties;
- enter two natural numbers to obtain the properties of the list:
  * the first parameter represents a starting number;
  * the second parameter shows how many consecutive numbers are to be processed;
- two natural numbers and properties to search for;
- a property preceded by minus must not be present in numbers;
- separate the parameters with one space;
- enter 0 to exit.

Enter a request:
> 20048 16 HAPPY
20062 is even, buzz, duck, happy
20063 is odd, duck, happy
20080 is even, duck, gapful, happy
20091 is odd, duck, happy
20093 is odd, duck, happy
20109 is odd, duck, happy
20111 is odd, buzz, duck, happy
20112 is even, duck, happy
20115 is odd, duck, happy
20118 is even, buzz, duck, happy
20121 is odd, duck, happy
20122 is even, duck, happy
20133 is odd, duck, happy
20147 is odd, buzz, duck, happy
20151 is odd, duck, happy
20157 is odd, buzz, duck, happy

Enter a request:
> 0

Goodbye!
?[1;31m
Start test 40?[0m
Welcome to Amazing Numbers!

Supported requests:
- enter a natural number to know its properties;
- enter two natural numbers to obtain the properties of the list:
  * the first parameter represents a starting number;
  * the second parameter shows how many consecutive numbers are to be processed;
- two natural numbers and properties to search for;
- a property preceded by minus must not be present in numbers;
- separate the parameters with one space;
- enter 0 to exit.

Enter a request:
> 3144 10 DUCK
3150 is even, buzz, duck, gapful, sad
3160 is even, duck, sad
3170 is even, duck, sad
3180 is even, duck, gapful, sad
3190 is even, duck, happy
3200 is even, duck, happy
3201 is odd, duck, sad
3202 is even, duck, sad
3203 is odd, duck, sad
3204 is even, duck, sad

Enter a request:
> 0

Goodbye!
?[1;31m
Start test 41?[0m
Welcome to Amazing Numbers!

Supported requests:
- enter a natural number to know its properties;
- enter two natural numbers to obtain the properties of the list:
  * the first parameter represents a starting number;
  * the second parameter shows how many consecutive numbers are to be processed;
- two natural numbers and properties to search for;
- a property preceded by minus must not be present in numbers;
- separate the parameters with one space;
- enter 0 to exit.

Enter a request:
> 320 16 ODD
321 is odd, spy, jumping, sad
323 is odd, palindromic, sunny, jumping, sad
325 is odd, sad
327 is odd, buzz, sad
329 is odd, buzz, happy
331 is odd, happy
333 is odd, palindromic, sad
335 is odd, sad
337 is odd, buzz, sad
339 is odd, sad
341 is odd, gapful, sad
343 is odd, buzz, palindromic, jumping, sad
345 is odd, jumping, sad
347 is odd, buzz, sad
349 is odd, sad
351 is odd, sad

Enter a request:
> 0

Goodbye!
?[1;31m
Start test 42?[0m
Welcome to Amazing Numbers!

Supported requests:
- enter a natural number to know its properties;
- enter two natural numbers to obtain the properties of the list:
  * the first parameter represents a starting number;
  * the second parameter shows how many consecutive numbers are to be processed;
- two natural numbers and properties to search for;
- a property preceded by minus must not be present in numbers;
- separate the parameters with one space;
- enter 0 to exit.

Enter a request:
> 4818 12 SUNNY
4899 is odd, sunny, sad
5040 is even, buzz, duck, sunny, sad
5183 is odd, sunny, sad
5328 is even, sunny, sad
5475 is odd, sunny, sad
5624 is even, sunny, sad
5775 is odd, buzz, palindromic, gapful, sunny, sad
5928 is even, sunny, sad
6083 is odd, buzz, duck, sunny, happy
6240 is even, duck, gapful, sunny, sad
6399 is odd, sunny, sad
6560 is even, duck, sunny, happy

Enter a request:
> 0

Goodbye!
?[1;31m
Start test 43?[0m
Welcome to Amazing Numbers!

Supported requests:
- enter a natural number to know its properties;
- enter two natural numbers to obtain the properties of the list:
  * the first parameter represents a starting number;
  * the second parameter shows how many consecutive numbers are to be processed;
- two natural numbers and properties to search for;
- a property preceded by minus must not be present in numbers;
- separate the parameters with one space;
- enter 0 to exit.

Enter a request:
> 18625 13 DUCK
18630 is even, duck, gapful, sad
18640 is even, duck, gapful, sad
18650 is even, duck, gapful, sad
18660 is even, duck, gapful, sad
18670 is even, duck, gapful, sad
18680 is even, duck, gapful, sad
18690 is even, buzz, duck, gapful, sad
18700 is even, duck, gapful, sad
18701 is odd, duck, sad
18702 is even, duck, sad
18703 is odd, duck, sad
18704 is even, buzz, duck, gapful, happy
18705 is odd, duck, gapful, happy

Enter a request:
> 0

Goodbye!
?[1;31m
Start test 44?[0m
Welcome to Amazing Numbers!

Supported requests:
- enter a natural number to know its properties;
- enter two natural numbers to obtain the properties of the list:
  * the first parameter represents a starting number;
  * the second parameter shows how many consecutive numbers are to be processed;
- two natural numbers and properties to search for;
- a property preceded by minus must not be present in numbers;
- separate the parameters with one space;
- enter 0 to exit.

Enter a request:
> 1583 12 PALINDROMIC
1661 is odd, palindromic, gapful, sad
1771 is odd, buzz, palindromic, gapful, happy
1881 is odd, palindromic, gapful, happy
1991 is odd, palindromic, gapful, sad
2002 is even, buzz, duck, palindromic, gapful, sad
2112 is even, palindromic, gapful, happy
2222 is even, palindromic, gapful, sad
2332 is even, palindromic, gapful, sad
2442 is even, palindromic, gapful, sad
2552 is even, palindromic, gapful, sad
2662 is even, palindromic, gapful, sad
2772 is even, buzz, palindromic, gapful, sad

Enter a request:
> 0

Goodbye!
?[1;31m
Start test 45?[0m
Welcome to Amazing Numbers!

Supported requests:
- enter a natural number to know its properties;
- enter two natural numbers to obtain the properties of the list:
  * the first parameter represents a starting number;
  * the second parameter shows how many consecutive numbers are to be processed;
- two natural numbers and properties to search for;
- a property preceded by minus must not be present in numbers;
- separate the parameters with one space;
- enter 0 to exit.

Enter a request:
> 9157 9 JUMPING
9876 is even, jumping, happy
9878 is even, jumping, sad
9898 is even, buzz, gapful, jumping, sad
10101 is odd, buzz, duck, palindromic, jumping, sad
10121 is odd, duck, jumping, happy
10123 is odd, duck, jumping, sad
12101 is odd, duck, jumping, happy
12121 is odd, palindromic, jumping, sad
12123 is odd, jumping, happy

Enter a request:
> 0

Goodbye!
?[1;31m
Start test 46?[0m
Welcome to Amazing Numbers!

Supported requests:
- enter a natural number to know its properties;
- enter two natural numbers to obtain the properties of the list:
  * the first parameter represents a starting number;
  * the second parameter shows how many consecutive numbers are to be processed;
- two natural numbers and properties to search for;
- a property preceded by minus must not be present in numbers;
- separate the parameters with one space;
- enter 0 to exit.

Enter a request:
> 19813 14 GAPFUL
19815 is odd, gapful, sad
19818 is even, gapful, sad
19820 is even, duck, gapful, sad
19824 is even, buzz, gapful, sad
19830 is even, duck, gapful, sad
19840 is even, duck, gapful, sad
19845 is odd, buzz, gapful, sad
19850 is even, duck, gapful, sad
19856 is even, gapful, sad
19860 is even, duck, gapful, sad
19870 is even, duck, gapful, sad
19872 is even, gapful, sad
19875 is odd, gapful, sad
19880 is even, buzz, duck, gapful, sunny, sad

Enter a request:
> 0

Goodbye!
?[1;31m
Start test 47?[0m
Welcome to Amazing Numbers!

Supported requests:
- enter a natural number to know its properties;
- enter two natural numbers to obtain the properties of the list:
  * the first parameter represents a starting number;
  * the second parameter shows how many consecutive numbers are to be processed;
- two natural numbers and properties to search for;
- a property preceded by minus must not be present in numbers;
- separate the parameters with one space;
- enter 0 to exit.

Enter a request:
> 1 10 odd girl
The property [GIRL] is wrong.
Available properties: [EVEN, ODD, BUZZ, DUCK, PALINDROMIC, GAPFUL, SPY, SQUARE, SUNNY, JUMPING, HAPPY, SAD]

Enter a request:
> 0

Goodbye!
?[1;31m
Start test 48?[0m
Welcome to Amazing Numbers!

Supported requests:
- enter a natural number to know its properties;
- enter two natural numbers to obtain the properties of the list:
  * the first parameter represents a starting number;
  * the second parameter shows how many consecutive numbers are to be processed;
- two natural numbers and properties to search for;
- a property preceded by minus must not be present in numbers;
- separate the parameters with one space;
- enter 0 to exit.

Enter a request:
> 40 2 even day
The property [DAY] is wrong.
Available properties: [EVEN, ODD, BUZZ, DUCK, PALINDROMIC, GAPFUL, SPY, SQUARE, SUNNY, JUMPING, HAPPY, SAD]

Enter a request:
> 0

Goodbye!
?[1;31m
Start test 49?[0m
Welcome to Amazing Numbers!

Supported requests:
- enter a natural number to know its properties;
- enter two natural numbers to obtain the properties of the list:
  * the first parameter represents a starting number;
  * the second parameter shows how many consecutive numbers are to be processed;
- two natural numbers and properties to search for;
- a property preceded by minus must not be present in numbers;
- separate the parameters with one space;
- enter 0 to exit.

Enter a request:
> 37 4 spy 89
The property [89] is wrong.
Available properties: [EVEN, ODD, BUZZ, DUCK, PALINDROMIC, GAPFUL, SPY, SQUARE, SUNNY, JUMPING, HAPPY, SAD]

Enter a request:
> 0

Goodbye!
?[1;31m
Start test 50?[0m
Welcome to Amazing Numbers!

Supported requests:
- enter a natural number to know its properties;
- enter two natural numbers to obtain the properties of the list:
  * the first parameter represents a starting number;
  * the second parameter shows how many consecutive numbers are to be processed;
- two natural numbers and properties to search for;
- a property preceded by minus must not be present in numbers;
- separate the parameters with one space;
- enter 0 to exit.

Enter a request:
> 67 2 DUCK +
The property [+] is wrong.
Available properties: [EVEN, ODD, BUZZ, DUCK, PALINDROMIC, GAPFUL, SPY, SQUARE, SUNNY, JUMPING, HAPPY, SAD]

Enter a request:
> 0

Goodbye!
?[1;31m
Start test 51?[0m
Welcome to Amazing Numbers!

Supported requests:
- enter a natural number to know its properties;
- enter two natural numbers to obtain the properties of the list:
  * the first parameter represents a starting number;
  * the second parameter shows how many consecutive numbers are to be processed;
- two natural numbers and properties to search for;
- a property preceded by minus must not be present in numbers;
- separate the parameters with one space;
- enter 0 to exit.

Enter a request:
> 1 10 boy friend
The properties [BOY, FRIEND] are wrong.
Available properties: [EVEN, ODD, BUZZ, DUCK, PALINDROMIC, GAPFUL, SPY, SQUARE, SUNNY, JUMPING, HAPPY, SAD]

Enter a request:
> 0

Goodbye!
?[1;31m
Start test 52?[0m
Welcome to Amazing Numbers!

Supported requests:
- enter a natural number to know its properties;
- enter two natural numbers to obtain the properties of the list:
  * the first parameter represents a starting number;
  * the second parameter shows how many consecutive numbers are to be processed;
- two natural numbers and properties to search for;
- a property preceded by minus must not be present in numbers;
- separate the parameters with one space;
- enter 0 to exit.

Enter a request:
> 40 2 long day
The properties [LONG, DAY] are wrong.
Available properties: [EVEN, ODD, BUZZ, DUCK, PALINDROMIC, GAPFUL, SPY, SQUARE, SUNNY, JUMPING, HAPPY, SAD]

Enter a request:
> 0

Goodbye!
?[1;31m
Start test 53?[0m
Welcome to Amazing Numbers!

Supported requests:
- enter a natural number to know its properties;
- enter two natural numbers to obtain the properties of the list:
  * the first parameter represents a starting number;
  * the second parameter shows how many consecutive numbers are to be processed;
- two natural numbers and properties to search for;
- a property preceded by minus must not be present in numbers;
- separate the parameters with one space;
- enter 0 to exit.

Enter a request:
> 37 4 hot girl
The properties [HOT, GIRL] are wrong.
Available properties: [EVEN, ODD, BUZZ, DUCK, PALINDROMIC, GAPFUL, SPY, SQUARE, SUNNY, JUMPING, HAPPY, SAD]

Enter a request:
> 0

Goodbye!
?[1;31m
Start test 54?[0m
Welcome to Amazing Numbers!

Supported requests:
- enter a natural number to know its properties;
- enter two natural numbers to obtain the properties of the list:
  * the first parameter represents a starting number;
  * the second parameter shows how many consecutive numbers are to be processed;
- two natural numbers and properties to search for;
- a property preceded by minus must not be present in numbers;
- separate the parameters with one space;
- enter 0 to exit.

Enter a request:
> 67 2 strong drake
The properties [STRONG, DRAKE] are wrong.
Available properties: [EVEN, ODD, BUZZ, DUCK, PALINDROMIC, GAPFUL, SPY, SQUARE, SUNNY, JUMPING, HAPPY, SAD]

Enter a request:
> 0

Goodbye!
?[1;31m
Start test 55?[0m
Welcome to Amazing Numbers!

Supported requests:
- enter a natural number to know its properties;
- enter two natural numbers to obtain the properties of the list:
  * the first parameter represents a starting number;
  * the second parameter shows how many consecutive numbers are to be processed;
- two natural numbers and properties to search for;
- a property preceded by minus must not be present in numbers;
- separate the parameters with one space;
- enter 0 to exit.

Enter a request:
> 1 7 even spy
2 is even, palindromic, spy, jumping, sad
4 is even, palindromic, spy, square, jumping, sad
6 is even, palindromic, spy, jumping, sad
8 is even, palindromic, spy, sunny, jumping, sad
22 is even, palindromic, spy, sad
132 is even, gapful, spy, sad
312 is even, spy, sad

Enter a request:
> 0

Goodbye!
?[1;31m
Start test 56?[0m
Welcome to Amazing Numbers!

Supported requests:
- enter a natural number to know its properties;
- enter two natural numbers to obtain the properties of the list:
  * the first parameter represents a starting number;
  * the second parameter shows how many consecutive numbers are to be processed;
- two natural numbers and properties to search for;
- a property preceded by minus must not be present in numbers;
- separate the parameters with one space;
- enter 0 to exit.

Enter a request:
> 1 10 odd buzz
7 is odd, buzz, palindromic, spy, jumping, happy
17 is odd, buzz, sad
21 is odd, buzz, jumping, sad
27 is odd, buzz, sad
35 is odd, buzz, sunny, sad
37 is odd, buzz, sad
47 is odd, buzz, sad
49 is odd, buzz, square, happy
57 is odd, buzz, sad
63 is odd, buzz, sunny, sad

Enter a request:
> 0

Goodbye!
?[1;31m
Start test 57?[0m
Welcome to Amazing Numbers!

Supported requests:
- enter a natural number to know its properties;
- enter two natural numbers to obtain the properties of the list:
  * the first parameter represents a starting number;
  * the second parameter shows how many consecutive numbers are to be processed;
- two natural numbers and properties to search for;
- a property preceded by minus must not be present in numbers;
- separate the parameters with one space;
- enter 0 to exit.

Enter a request:
> 1 9 buzz gapful
105 is odd, buzz, duck, gapful, sad
140 is even, buzz, duck, gapful, sad
154 is even, buzz, gapful, sad
187 is odd, buzz, gapful, sad
231 is odd, buzz, gapful, spy, sad
280 is even, buzz, duck, gapful, happy
297 is odd, buzz, gapful, sad
315 is odd, buzz, gapful, sad
385 is odd, buzz, gapful, sad

Enter a request:
> 0

Goodbye!
?[1;31m
Start test 58?[0m
Welcome to Amazing Numbers!

Supported requests:
- enter a natural number to know its properties;
- enter two natural numbers to obtain the properties of the list:
  * the first parameter represents a starting number;
  * the second parameter shows how many consecutive numbers are to be processed;
- two natural numbers and properties to search for;
- a property preceded by minus must not be present in numbers;
- separate the parameters with one space;
- enter 0 to exit.

Enter a request:
> 1 10 spy buzz
7 is odd, buzz, palindromic, spy, jumping, happy
231 is odd, buzz, gapful, spy, sad
1421 is odd, buzz, spy, sad
2114 is even, buzz, spy, sad
15211 is odd, buzz, spy, happy
21511 is odd, buzz, spy, happy
22211 is odd, buzz, spy, sad
31311 is odd, buzz, spy, sad
51121 is odd, buzz, spy, happy
111216 is even, buzz, gapful, spy, happy

Enter a request:
> 0

Goodbye!
?[1;31m
Start test 59?[0m
Welcome to Amazing Numbers!

Supported requests:
- enter a natural number to know its properties;
- enter two natural numbers to obtain the properties of the list:
  * the first parameter represents a starting number;
  * the second parameter shows how many consecutive numbers are to be processed;
- two natural numbers and properties to search for;
- a property preceded by minus must not be present in numbers;
- separate the parameters with one space;
- enter 0 to exit.

Enter a request:
> 100000 2 even spy
111126 is even, spy, happy
111162 is even, spy, happy

Enter a request:
> 0

Goodbye!
?[1;31m
Start test 60?[0m
Welcome to Amazing Numbers!

Supported requests:
- enter a natural number to know its properties;
- enter two natural numbers to obtain the properties of the list:
  * the first parameter represents a starting number;
  * the second parameter shows how many consecutive numbers are to be processed;
- two natural numbers and properties to search for;
- a property preceded by minus must not be present in numbers;
- separate the parameters with one space;
- enter 0 to exit.

Enter a request:
> 100 4 odd gapful
105 is odd, buzz, duck, gapful, sad
121 is odd, palindromic, gapful, square, jumping, sad
135 is odd, gapful, sad
143 is odd, gapful, sunny, sad

Enter a request:
> 0

Goodbye!
?[1;31m
Start test 61?[0m
Welcome to Amazing Numbers!

Supported requests:
- enter a natural number to know its properties;
- enter two natural numbers to obtain the properties of the list:
  * the first parameter represents a starting number;
  * the second parameter shows how many consecutive numbers are to be processed;
- two natural numbers and properties to search for;
- a property preceded by minus must not be present in numbers;
- separate the parameters with one space;
- enter 0 to exit.

Enter a request:
> 2000 4 palindromic duck
2002 is even, buzz, duck, palindromic, gapful, sad
3003 is odd, buzz, duck, palindromic, gapful, sad
4004 is even, buzz, duck, palindromic, gapful, happy
5005 is odd, buzz, duck, palindromic, gapful, sad

Enter a request:
> 0

Goodbye!
?[1;31m
Start test 62?[0m
Welcome to Amazing Numbers!

Supported requests:
- enter a natural number to know its properties;
- enter two natural numbers to obtain the properties of the list:
  * the first parameter represents a starting number;
  * the second parameter shows how many consecutive numbers are to be processed;
- two natural numbers and properties to search for;
- a property preceded by minus must not be present in numbers;
- separate the parameters with one space;
- enter 0 to exit.

Enter a request:
> 26534 3 buzz evens palindromic
The property [EVENS] is wrong.
Available properties: [EVEN, ODD, BUZZ, DUCK, PALINDROMIC, GAPFUL, SPY, SQUARE, SUNNY, JUMPING, HAPPY, SAD]

Enter a request:
> 0

Goodbye!
?[1;31m
Start test 63?[0m
Welcome to Amazing Numbers!

Supported requests:
- enter a natural number to know its properties;
- enter two natural numbers to obtain the properties of the list:
  * the first parameter represents a starting number;
  * the second parameter shows how many consecutive numbers are to be processed;
- two natural numbers and properties to search for;
- a property preceded by minus must not be present in numbers;
- separate the parameters with one space;
- enter 0 to exit.

Enter a request:
> 4384 2 odd -buzz -palindromic shiny gapful
The property [SHINY] is wrong.
Available properties: [EVEN, ODD, BUZZ, DUCK, PALINDROMIC, GAPFUL, SPY, SQUARE, SUNNY, JUMPING, HAPPY, SAD]

Enter a request:
> 0

Goodbye!
?[1;31m
Start test 64?[0m
Welcome to Amazing Numbers!

Supported requests:
- enter a natural number to know its properties;
- enter two natural numbers to obtain the properties of the list:
  * the first parameter represents a starting number;
  * the second parameter shows how many consecutive numbers are to be processed;
- two natural numbers and properties to search for;
- a property preceded by minus must not be present in numbers;
- separate the parameters with one space;
- enter 0 to exit.

Enter a request:
> 1 7 hot sunny odd odd -even
The property [HOT] is wrong.
Available properties: [EVEN, ODD, BUZZ, DUCK, PALINDROMIC, GAPFUL, SPY, SQUARE, SUNNY, JUMPING, HAPPY, SAD]

Enter a request:
> 0

Goodbye!
?[1;31m
Start test 65?[0m
Welcome to Amazing Numbers!

Supported requests:
- enter a natural number to know its properties;
- enter two natural numbers to obtain the properties of the list:
  * the first parameter represents a starting number;
  * the second parameter shows how many consecutive numbers are to be processed;
- two natural numbers and properties to search for;
- a property preceded by minus must not be present in numbers;
- separate the parameters with one space;
- enter 0 to exit.

Enter a request:
> 78343 4 sunny -duck mac odd
The property [MAC] is wrong.
Available properties: [EVEN, ODD, BUZZ, DUCK, PALINDROMIC, GAPFUL, SPY, SQUARE, SUNNY, JUMPING, HAPPY, SAD]

Enter a request:
> 0

Goodbye!
?[1;31m
Start test 66?[0m
Welcome to Amazing Numbers!

Supported requests:
- enter a natural number to know its properties;
- enter two natural numbers to obtain the properties of the list:
  * the first parameter represents a starting number;
  * the second parameter shows how many consecutive numbers are to be processed;
- two natural numbers and properties to search for;
- a property preceded by minus must not be present in numbers;
- separate the parameters with one space;
- enter 0 to exit.

Enter a request:
> 3 4 -even -sunny -hot
The property [-HOT] is wrong.
Available properties: [EVEN, ODD, BUZZ, DUCK, PALINDROMIC, GAPFUL, SPY, SQUARE, SUNNY, JUMPING, HAPPY, SAD]

Enter a request:
> 0

Goodbye!
?[1;31m
Start test 67?[0m
Welcome to Amazing Numbers!

Supported requests:
- enter a natural number to know its properties;
- enter two natural numbers to obtain the properties of the list:
  * the first parameter represents a starting number;
  * the second parameter shows how many consecutive numbers are to be processed;
- two natural numbers and properties to search for;
- a property preceded by minus must not be present in numbers;
- separate the parameters with one space;
- enter 0 to exit.

Enter a request:
> 1 7 odd spy palindromic
1 is odd, palindromic, spy, square, jumping, happy
3 is odd, palindromic, spy, sunny, jumping, sad
5 is odd, palindromic, spy, jumping, sad
7 is odd, buzz, palindromic, spy, jumping, happy
9 is odd, palindromic, spy, square, jumping, sad
12221 is odd, palindromic, gapful, spy, sad
13131 is odd, palindromic, spy, sad

Enter a request:
> 0

Goodbye!
?[1;31m
Start test 68?[0m
Welcome to Amazing Numbers!

Supported requests:
- enter a natural number to know its properties;
- enter two natural numbers to obtain the properties of the list:
  * the first parameter represents a starting number;
  * the second parameter shows how many consecutive numbers are to be processed;
- two natural numbers and properties to search for;
- a property preceded by minus must not be present in numbers;
- separate the parameters with one space;
- enter 0 to exit.

Enter a request:
> 1 10 even palindromic duck buzz
2002 is even, buzz, duck, palindromic, gapful, sad
4004 is even, buzz, duck, palindromic, gapful, happy
6006 is even, buzz, duck, palindromic, gapful, sad
8008 is even, buzz, duck, palindromic, gapful, sad
20202 is even, buzz, duck, palindromic, sad
20902 is even, buzz, duck, palindromic, sad
22022 is even, buzz, duck, palindromic, gapful, sad
29092 is even, buzz, duck, palindromic, sad
40404 is even, buzz, duck, palindromic, sad
44044 is even, buzz, duck, palindromic, gapful, sad

Enter a request:
> 0

Goodbye!
?[1;31m
Start test 69?[0m
Welcome to Amazing Numbers!

Supported requests:
- enter a natural number to know its properties;
- enter two natural numbers to obtain the properties of the list:
  * the first parameter represents a starting number;
  * the second parameter shows how many consecutive numbers are to be processed;
- two natural numbers and properties to search for;
- a property preceded by minus must not be present in numbers;
- separate the parameters with one space;
- enter 0 to exit.

Enter a request:
> 1 9 even palindromic duck buzz gapful
2002 is even, buzz, duck, palindromic, gapful, sad
4004 is even, buzz, duck, palindromic, gapful, happy
6006 is even, buzz, duck, palindromic, gapful, sad
8008 is even, buzz, duck, palindromic, gapful, sad
22022 is even, buzz, duck, palindromic, gapful, sad
44044 is even, buzz, duck, palindromic, gapful, sad
66066 is even, buzz, duck, palindromic, gapful, sad
88088 is even, buzz, duck, palindromic, gapful, sad
202202 is even, buzz, duck, palindromic, gapful, sad

Enter a request:
> 0

Goodbye!
?[1;31m
Start test 70?[0m
Welcome to Amazing Numbers!

Supported requests:
- enter a natural number to know its properties;
- enter two natural numbers to obtain the properties of the list:
  * the first parameter represents a starting number;
  * the second parameter shows how many consecutive numbers are to be processed;
- two natural numbers and properties to search for;
- a property preceded by minus must not be present in numbers;
- separate the parameters with one space;
- enter 0 to exit.

Enter a request:
> 1 10 even sunny duck buzz gapful
1680 is even, buzz, duck, gapful, sunny, sad
4760 is even, buzz, duck, gapful, sunny, sad
9408 is even, buzz, duck, gapful, sunny, sad
12320 is even, buzz, duck, gapful, sunny, sad
19320 is even, buzz, duck, gapful, sunny, sad
19880 is even, buzz, duck, gapful, sunny, sad
23408 is even, buzz, duck, gapful, sunny, sad
24024 is even, buzz, duck, gapful, sunny, sad
28560 is even, buzz, duck, gapful, sunny, happy
32760 is even, buzz, duck, gapful, sunny, sad

Enter a request:
> 0

Goodbye!
?[1;31m
Start test 71?[0m
Welcome to Amazing Numbers!

Supported requests:
- enter a natural number to know its properties;
- enter two natural numbers to obtain the properties of the list:
  * the first parameter represents a starting number;
  * the second parameter shows how many consecutive numbers are to be processed;
- two natural numbers and properties to search for;
- a property preceded by minus must not be present in numbers;
- separate the parameters with one space;
- enter 0 to exit.

Enter a request:
> 100000 2 even spy buzz gapful
111216 is even, buzz, gapful, spy, happy
161112 is even, buzz, gapful, spy, happy

Enter a request:
> 0

Goodbye!
?[1;31m
Start test 72?[0m
Welcome to Amazing Numbers!

Supported requests:
- enter a natural number to know its properties;
- enter two natural numbers to obtain the properties of the list:
  * the first parameter represents a starting number;
  * the second parameter shows how many consecutive numbers are to be processed;
- two natural numbers and properties to search for;
- a property preceded by minus must not be present in numbers;
- separate the parameters with one space;
- enter 0 to exit.

Enter a request:
> 100 4 odd spy gapful
231 is odd, buzz, gapful, spy, sad
12221 is odd, palindromic, gapful, spy, sad
216111 is odd, buzz, gapful, spy, happy
1111341 is odd, buzz, gapful, spy, sad

Enter a request:
> 0

Goodbye!
?[1;31m
Start test 73?[0m
Welcome to Amazing Numbers!

Supported requests:
- enter a natural number to know its properties;
- enter two natural numbers to obtain the properties of the list:
  * the first parameter represents a starting number;
  * the second parameter shows how many consecutive numbers are to be processed;
- two natural numbers and properties to search for;
- a property preceded by minus must not be present in numbers;
- separate the parameters with one space;
- enter 0 to exit.

Enter a request:
> 2000 4 even palindromic duck
2002 is even, buzz, duck, palindromic, gapful, sad
4004 is even, buzz, duck, palindromic, gapful, happy
6006 is even, buzz, duck, palindromic, gapful, sad
8008 is even, buzz, duck, palindromic, gapful, sad

Enter a request:
> 0

Goodbye!
?[1;31m
Start test 74?[0m
Welcome to Amazing Numbers!

Supported requests:
- enter a natural number to know its properties;
- enter two natural numbers to obtain the properties of the list:
  * the first parameter represents a starting number;
  * the second parameter shows how many consecutive numbers are to be processed;
- two natural numbers and properties to search for;
- a property preceded by minus must not be present in numbers;
- separate the parameters with one space;
- enter 0 to exit.

Enter a request:
> 1 15 odd spy -duck spy buzz
7 is odd, buzz, palindromic, spy, jumping, happy
231 is odd, buzz, gapful, spy, sad
1421 is odd, buzz, spy, sad
15211 is odd, buzz, spy, happy
21511 is odd, buzz, spy, happy
22211 is odd, buzz, spy, sad
31311 is odd, buzz, spy, sad
51121 is odd, buzz, spy, happy
112161 is odd, buzz, spy, happy
121611 is odd, buzz, spy, happy
216111 is odd, buzz, gapful, spy, happy
611121 is odd, buzz, spy, happy
1111127 is odd, buzz, spy, sad
1111217 is odd, buzz, spy, sad
1111271 is odd, buzz, spy, sad

Enter a request:
> 0

Goodbye!
?[1;31m
Start test 75?[0m
Welcome to Amazing Numbers!

Supported requests:
- enter a natural number to know its properties;
- enter two natural numbers to obtain the properties of the list:
  * the first parameter represents a starting number;
  * the second parameter shows how many consecutive numbers are to be processed;
- two natural numbers and properties to search for;
- a property preceded by minus must not be present in numbers;
- separate the parameters with one space;
- enter 0 to exit.

Enter a request:
> 1 2 jumping happy -spy
10 is even, duck, jumping, happy
23 is odd, jumping, happy

Enter a request:
> 0

Goodbye!
?[1;31m
Start test 76?[0m
Welcome to Amazing Numbers!

Supported requests:
- enter a natural number to know its properties;
- enter two natural numbers to obtain the properties of the list:
  * the first parameter represents a starting number;
  * the second parameter shows how many consecutive numbers are to be processed;
- two natural numbers and properties to search for;
- a property preceded by minus must not be present in numbers;
- separate the parameters with one space;
- enter 0 to exit.

Enter a request:
> 5 1 odd even
The request contains mutually exclusive properties: [EVEN, ODD]
There are no numbers with these properties.

Enter a request:
> 0

Goodbye!
?[1;31m
Start test 77?[0m
Welcome to Amazing Numbers!

Supported requests:
- enter a natural number to know its properties;
- enter two natural numbers to obtain the properties of the list:
  * the first parameter represents a starting number;
  * the second parameter shows how many consecutive numbers are to be processed;
- two natural numbers and properties to search for;
- a property preceded by minus must not be present in numbers;
- separate the parameters with one space;
- enter 0 to exit.

Enter a request:
> 4 3 even odd
The request contains mutually exclusive properties: [EVEN, ODD]
There are no numbers with these properties.

Enter a request:
> 0

Goodbye!
?[1;31m
Start test 78?[0m
Welcome to Amazing Numbers!

Supported requests:
- enter a natural number to know its properties;
- enter two natural numbers to obtain the properties of the list:
  * the first parameter represents a starting number;
  * the second parameter shows how many consecutive numbers are to be processed;
- two natural numbers and properties to search for;
- a property preceded by minus must not be present in numbers;
- separate the parameters with one space;
- enter 0 to exit.

Enter a request:
> 32 2 sunny square
The request contains mutually exclusive properties: [SQUARE, SUNNY]
There are no numbers with these properties.

Enter a request:
> 0

Goodbye!
?[1;31m
Start test 79?[0m
Welcome to Amazing Numbers!

Supported requests:
- enter a natural number to know its properties;
- enter two natural numbers to obtain the properties of the list:
  * the first parameter represents a starting number;
  * the second parameter shows how many consecutive numbers are to be processed;
- two natural numbers and properties to search for;
- a property preceded by minus must not be present in numbers;
- separate the parameters with one space;
- enter 0 to exit.

Enter a request:
> 3153 2 spy duck
The request contains mutually exclusive properties: [DUCK, SPY]
There are no numbers with these properties.

Enter a request:
> 0

Goodbye!
?[1;31m
Start test 80?[0m
Welcome to Amazing Numbers!

Supported requests:
- enter a natural number to know its properties;
- enter two natural numbers to obtain the properties of the list:
  * the first parameter represents a starting number;
  * the second parameter shows how many consecutive numbers are to be processed;
- two natural numbers and properties to search for;
- a property preceded by minus must not be present in numbers;
- separate the parameters with one space;
- enter 0 to exit.

Enter a request:
> 6 7 duck spy
The request contains mutually exclusive properties: [DUCK, SPY]
There are no numbers with these properties.

Enter a request:
> 0

Goodbye!
?[1;31m
Start test 81?[0m
Welcome to Amazing Numbers!

Supported requests:
- enter a natural number to know its properties;
- enter two natural numbers to obtain the properties of the list:
  * the first parameter represents a starting number;
  * the second parameter shows how many consecutive numbers are to be processed;
- two natural numbers and properties to search for;
- a property preceded by minus must not be present in numbers;
- separate the parameters with one space;
- enter 0 to exit.

Enter a request:
> 1 2 spy odd sunny even
The request contains mutually exclusive properties: [EVEN, ODD]
There are no numbers with these properties.

Enter a request:
> 0

Goodbye!
?[1;31m
Start test 82?[0m
Welcome to Amazing Numbers!

Supported requests:
- enter a natural number to know its properties;
- enter two natural numbers to obtain the properties of the list:
  * the first parameter represents a starting number;
  * the second parameter shows how many consecutive numbers are to be processed;
- two natural numbers and properties to search for;
- a property preceded by minus must not be present in numbers;
- separate the parameters with one space;
- enter 0 to exit.

Enter a request:
> 7 2 sunny even duck buzz square
The request contains mutually exclusive properties: [SQUARE, SUNNY]
There are no numbers with these properties.

Enter a request:
> 0

Goodbye!
?[1;31m
Start test 83?[0m
Welcome to Amazing Numbers!

Supported requests:
- enter a natural number to know its properties;
- enter two natural numbers to obtain the properties of the list:
  * the first parameter represents a starting number;
  * the second parameter shows how many consecutive numbers are to be processed;
- two natural numbers and properties to search for;
- a property preceded by minus must not be present in numbers;
- separate the parameters with one space;
- enter 0 to exit.

Enter a request:
> 9 5 even spy buzz duck
The request contains mutually exclusive properties: [DUCK, SPY]
There are no numbers with these properties.

Enter a request:
> 0

Goodbye!
?[1;31m
Start test 84?[0m
Welcome to Amazing Numbers!

Supported requests:
- enter a natural number to know its properties;
- enter two natural numbers to obtain the properties of the list:
  * the first parameter represents a starting number;
  * the second parameter shows how many consecutive numbers are to be processed;
- two natural numbers and properties to search for;
- a property preceded by minus must not be present in numbers;
- separate the parameters with one space;
- enter 0 to exit.

Enter a request:
> 6 6 -odd -even
The request contains mutually exclusive properties: [-EVEN, -ODD]
There are no numbers with these properties.

Enter a request:
> 0

Goodbye!
?[1;31m
Start test 85?[0m
Welcome to Amazing Numbers!

Supported requests:
- enter a natural number to know its properties;
- enter two natural numbers to obtain the properties of the list:
  * the first parameter represents a starting number;
  * the second parameter shows how many consecutive numbers are to be processed;
- two natural numbers and properties to search for;
- a property preceded by minus must not be present in numbers;
- separate the parameters with one space;
- enter 0 to exit.

Enter a request:
> 6 7 odd -odd
The request contains mutually exclusive properties: [ODD, -ODD]
There are no numbers with these properties.

Enter a request:
> 0

Goodbye!
?[1;31m
Start test 86?[0m
Welcome to Amazing Numbers!

Supported requests:
- enter a natural number to know its properties;
- enter two natural numbers to obtain the properties of the list:
  * the first parameter represents a starting number;
  * the second parameter shows how many consecutive numbers are to be processed;
- two natural numbers and properties to search for;
- a property preceded by minus must not be present in numbers;
- separate the parameters with one space;
- enter 0 to exit.

Enter a request:
> 8 1 -even even
The request contains mutually exclusive properties: [EVEN, -EVEN]
There are no numbers with these properties.

Enter a request:
> 0

Goodbye!
?[1;31m
Start test 87?[0m
Welcome to Amazing Numbers!

Supported requests:
- enter a natural number to know its properties;
- enter two natural numbers to obtain the properties of the list:
  * the first parameter represents a starting number;
  * the second parameter shows how many consecutive numbers are to be processed;
- two natural numbers and properties to search for;
- a property preceded by minus must not be present in numbers;
- separate the parameters with one space;
- enter 0 to exit.

Enter a request:
> 3 5 odd duck buzz -duck sunny
The request contains mutually exclusive properties: [DUCK, -DUCK]
There are no numbers with these properties.

Enter a request:
> 0

Goodbye!
?[1;31m
Start test 88?[0m
Welcome to Amazing Numbers!

Supported requests:
- enter a natural number to know its properties;
- enter two natural numbers to obtain the properties of the list:
  * the first parameter represents a starting number;
  * the second parameter shows how many consecutive numbers are to be processed;
- two natural numbers and properties to search for;
- a property preceded by minus must not be present in numbers;
- separate the parameters with one space;
- enter 0 to exit.

Enter a request:
> 1 15 -EVEN
1 is odd, palindromic, spy, square, jumping, happy
3 is odd, palindromic, spy, sunny, jumping, sad
5 is odd, palindromic, spy, jumping, sad
7 is odd, buzz, palindromic, spy, jumping, happy
9 is odd, palindromic, spy, square, jumping, sad
11 is odd, palindromic, sad
13 is odd, happy
15 is odd, sunny, sad
17 is odd, buzz, sad
19 is odd, happy
21 is odd, buzz, jumping, sad
23 is odd, jumping, happy
25 is odd, square, sad
27 is odd, buzz, sad
29 is odd, sad

Enter a request:
> 1 15 -ODD
2 is even, palindromic, spy, jumping, sad
4 is even, palindromic, spy, square, jumping, sad
6 is even, palindromic, spy, jumping, sad
8 is even, palindromic, spy, sunny, jumping, sad
10 is even, duck, jumping, happy
12 is even, jumping, sad
14 is even, buzz, sad
16 is even, square, sad
18 is even, sad
20 is even, duck, sad
22 is even, palindromic, spy, sad
24 is even, sunny, sad
26 is even, sad
28 is even, buzz, happy
30 is even, duck, sad

Enter a request:
> 1 15 -BUZZ
1 is odd, palindromic, spy, square, jumping, happy
2 is even, palindromic, spy, jumping, sad
3 is odd, palindromic, spy, sunny, jumping, sad
4 is even, palindromic, spy, square, jumping, sad
5 is odd, palindromic, spy, jumping, sad
6 is even, palindromic, spy, jumping, sad
8 is even, palindromic, spy, sunny, jumping, sad
9 is odd, palindromic, spy, square, jumping, sad
10 is even, duck, jumping, happy
11 is odd, palindromic, sad
12 is even, jumping, sad
13 is odd, happy
15 is odd, sunny, sad
16 is even, square, sad
18 is even, sad

Enter a request:
> 1 15 -DUCK
1 is odd, palindromic, spy, square, jumping, happy
2 is even, palindromic, spy, jumping, sad
3 is odd, palindromic, spy, sunny, jumping, sad
4 is even, palindromic, spy, square, jumping, sad
5 is odd, palindromic, spy, jumping, sad
6 is even, palindromic, spy, jumping, sad
7 is odd, buzz, palindromic, spy, jumping, happy
8 is even, palindromic, spy, sunny, jumping, sad
9 is odd, palindromic, spy, square, jumping, sad
11 is odd, palindromic, sad
12 is even, jumping, sad
13 is odd, happy
14 is even, buzz, sad
15 is odd, sunny, sad
16 is even, square, sad

Enter a request:
> 1 15 -PALINDROMIC
10 is even, duck, jumping, happy
12 is even, jumping, sad
13 is odd, happy
14 is even, buzz, sad
15 is odd, sunny, sad
16 is even, square, sad
17 is odd, buzz, sad
18 is even, sad
19 is odd, happy
20 is even, duck, sad
21 is odd, buzz, jumping, sad
23 is odd, jumping, happy
24 is even, sunny, sad
25 is odd, square, sad
26 is even, sad

Enter a request:
> 1 15 -GAPFUL
1 is odd, palindromic, spy, square, jumping, happy
2 is even, palindromic, spy, jumping, sad
3 is odd, palindromic, spy, sunny, jumping, sad
4 is even, palindromic, spy, square, jumping, sad
5 is odd, palindromic, spy, jumping, sad
6 is even, palindromic, spy, jumping, sad
7 is odd, buzz, palindromic, spy, jumping, happy
8 is even, palindromic, spy, sunny, jumping, sad
9 is odd, palindromic, spy, square, jumping, sad
10 is even, duck, jumping, happy
11 is odd, palindromic, sad
12 is even, jumping, sad
13 is odd, happy
14 is even, buzz, sad
15 is odd, sunny, sad

Enter a request:
> 1 15 -SPY
10 is even, duck, jumping, happy
11 is odd, palindromic, sad
12 is even, jumping, sad
13 is odd, happy
14 is even, buzz, sad
15 is odd, sunny, sad
16 is even, square, sad
17 is odd, buzz, sad
18 is even, sad
19 is odd, happy
20 is even, duck, sad
21 is odd, buzz, jumping, sad
23 is odd, jumping, happy
24 is even, sunny, sad
25 is odd, square, sad

Enter a request:
> 1 15 -SQUARE
2 is even, palindromic, spy, jumping, sad
3 is odd, palindromic, spy, sunny, jumping, sad
5 is odd, palindromic, spy, jumping, sad
6 is even, palindromic, spy, jumping, sad
7 is odd, buzz, palindromic, spy, jumping, happy
8 is even, palindromic, spy, sunny, jumping, sad
10 is even, duck, jumping, happy
11 is odd, palindromic, sad
12 is even, jumping, sad
13 is odd, happy
14 is even, buzz, sad
15 is odd, sunny, sad
17 is odd, buzz, sad
18 is even, sad
19 is odd, happy

Enter a request:
> 1 15 -SUNNY
1 is odd, palindromic, spy, square, jumping, happy
2 is even, palindromic, spy, jumping, sad
4 is even, palindromic, spy, square, jumping, sad
5 is odd, palindromic, spy, jumping, sad
6 is even, palindromic, spy, jumping, sad
7 is odd, buzz, palindromic, spy, jumping, happy
9 is odd, palindromic, spy, square, jumping, sad
10 is even, duck, jumping, happy
11 is odd, palindromic, sad
12 is even, jumping, sad
13 is odd, happy
14 is even, buzz, sad
16 is even, square, sad
17 is odd, buzz, sad
18 is even, sad

Enter a request:
> 1 15 -JUMPING
11 is odd, palindromic, sad
13 is odd, happy
14 is even, buzz, sad
15 is odd, sunny, sad
16 is even, square, sad
17 is odd, buzz, sad
18 is even, sad
19 is odd, happy
20 is even, duck, sad
22 is even, palindromic, spy, sad
24 is even, sunny, sad
25 is odd, square, sad
26 is even, sad
27 is odd, buzz, sad
28 is even, buzz, happy

Enter a request:
> 1 15 -HAPPY
2 is even, palindromic, spy, jumping, sad
3 is odd, palindromic, spy, sunny, jumping, sad
4 is even, palindromic, spy, square, jumping, sad
5 is odd, palindromic, spy, jumping, sad
6 is even, palindromic, spy, jumping, sad
8 is even, palindromic, spy, sunny, jumping, sad
9 is odd, palindromic, spy, square, jumping, sad
11 is odd, palindromic, sad
12 is even, jumping, sad
14 is even, buzz, sad
15 is odd, sunny, sad
16 is even, square, sad
17 is odd, buzz, sad
18 is even, sad
20 is even, duck, sad

Enter a request:
> 1 15 -SAD
1 is odd, palindromic, spy, square, jumping, happy
7 is odd, buzz, palindromic, spy, jumping, happy
10 is even, duck, jumping, happy
13 is odd, happy
19 is odd, happy
23 is odd, jumping, happy
28 is even, buzz, happy
31 is odd, happy
32 is even, jumping, happy
44 is even, palindromic, happy
49 is odd, buzz, square, happy
68 is even, happy
70 is even, buzz, duck, happy
79 is odd, happy
82 is even, happy

Enter a request:
> 0

Goodbye!
]]></system-out>
  <system-err><![CDATA[]]></system-err>
</testsuite>
